<?xml version="1.0" encoding="UTF-8"?>
<testsuites tests="1" failures="0" errors="0" skipped="0">
  <testsuite name="web driver io task 3" timestamp="2024-04-12T17:27:46" time="43.531" tests="1" failures="0" errors="0" skipped="0">
    <properties>
      <property name="specId" value="0"/>
      <property name="suiteName" value="web driver io task 3"/>
      <property name="capabilities" value="chrome.123_0_6312_107.windows"/>
      <property name="file" value="file:///C:/Users/vaheo/Desktop/EPAM_QA/Automation/wdio_3/src/tests/task3.tests.js"/>
    </properties>
    <testcase classname="chrome.123_0_6312_107.windows.web_driver_io_task_3" name="calculating the estimate" time="43.53">
      <system-out><![CDATA[
COMMAND: POST /session/43e87b72476329c75b982336ff55d726/url - {"url":"https://cloud.google.com/"}
RESULT: {"url":"https://cloud.google.com/"}
COMMAND: POST /session/43e87b72476329c75b982336ff55d726/element - {"using":"css selector","value":".YSM5S"}
RESULT: {"using":"css selector","value":".YSM5S"}
COMMAND: POST /session/43e87b72476329c75b982336ff55d726/element/f.6E4DD69239C9EFF5984D0E4F04F025D7.d.E0DC14097434CFC978EFA3AE3C899D1E.e.36/click - {}
RESULT: {}
COMMAND: POST /session/43e87b72476329c75b982336ff55d726/element - {"using":"css selector","value":"input[class='qdOxv-fmcmS-wGMbrd']"}
RESULT: {"using":"css selector","value":"input[class='qdOxv-fmcmS-wGMbrd']"}
COMMAND: POST /session/43e87b72476329c75b982336ff55d726/element/f.6E4DD69239C9EFF5984D0E4F04F025D7.d.E0DC14097434CFC978EFA3AE3C899D1E.e.9/clear - {}
RESULT: {}
COMMAND: POST /session/43e87b72476329c75b982336ff55d726/element/f.6E4DD69239C9EFF5984D0E4F04F025D7.d.E0DC14097434CFC978EFA3AE3C899D1E.e.9/value - {"text":"Google Cloud Platform Pricing Calculator"}
RESULT: {"text":"Google Cloud Platform Pricing Calculator"}
COMMAND: POST /session/43e87b72476329c75b982336ff55d726/actions - {"actions":[{"id":"action1","type":"key","parameters":{},"actions":[{"type":"keyDown","value":""},{"type":"pause","duration":10},{"type":"keyUp","value":""}]}]}
RESULT: {"actions":[{"id":"action1","type":"key","parameters":{},"actions":[{"type":"keyDown","value":""},{"type":"pause","duration":10},{"type":"keyUp","value":""}]}]}
COMMAND: POST /session/43e87b72476329c75b982336ff55d726/url - {"url":"https://cloud.google.com/products/calculator-legacy?hl=es-419"}
RESULT: {"url":"https://cloud.google.com/products/calculator-legacy?hl=es-419"}
COMMAND: POST /session/43e87b72476329c75b982336ff55d726/element - {"using":"css selector","value":"devsite-iframe iframe"}
RESULT: {"using":"css selector","value":"devsite-iframe iframe"}
COMMAND: POST /session/43e87b72476329c75b982336ff55d726/elements - {"using":"css selector","value":"devsite-iframe iframe"}
RESULT: {"using":"css selector","value":"devsite-iframe iframe"}
COMMAND: POST /session/43e87b72476329c75b982336ff55d726/frame - {"id":{"sessionId":"43e87b72476329c75b982336ff55d726","elementId":"f.6E4DD69239C9EFF5984D0E4F04F025D7.d.8B950E53BC666C353EC79D09503DADF5.e.63","element-6066-11e4-a52e-4f735466cecf":"f.6E4DD69239C9EFF5984D0E4F04F025D7.d.8B950E53BC666C353EC79D09503DADF5.e.63","selector":"devsite-iframe iframe","parent":{"capabilities":{"acceptInsecureCerts":false,"browserName":"chrome","browserVersion":"123.0.6312.107","chrome":{"chromedriverVersion":"123.0.6312.122 (31f8248cdd90acbac59f700b603fed0b5967ca50-refs/branch-heads/6312@{#824})","userDataDir":"C:\\Users\\vaheo\\AppData\\Local\\Temp\\scoped_dir13824_1204136360"},"fedcm:accounts":true,"goog:chromeOptions":{"debuggerAddress":"localhost:53478"},"networkConnectionEnabled":false,"pageLoadStrategy":"normal","platformName":"windows","proxy":{},"_":"10 more keys: [\"setWindowRect\",\"strictFileInteractability\",\"timeouts\",\"unhandledPromptBehavior\",\"webauthn:extension:credBlob\",\"webauthn:extension:largeBlob\",\"webauthn:extension:minPinLength\",\"webauthn:extension:prf\",\"webauthn:virtualAuthenticators\",\"wdio:driverPID\"]"}},"isReactElement":false,"isShadowElement":false}}
RESULT: {"id":{"sessionId":"43e87b72476329c75b982336ff55d726","elementId":"f.6E4DD69239C9EFF5984D0E4F04F025D7.d.8B950E53BC666C353EC79D09503DADF5.e.63","element-6066-11e4-a52e-4f735466cecf":"f.6E4DD69239C9EFF5984D0E4F04F025D7.d.8B950E53BC666C353EC79D09503DADF5.e.63","selector":"devsite-iframe iframe","parent":{"capabilities":{"acceptInsecureCerts":false,"browserName":"chrome","browserVersion":"123.0.6312.107","chrome":{"chromedriverVersion":"123.0.6312.122 (31f8248cdd90acbac59f700b603fed0b5967ca50-refs/branch-heads/6312@{#824})","userDataDir":"C:\\Users\\vaheo\\AppData\\Local\\Temp\\scoped_dir13824_1204136360"},"fedcm:accounts":true,"goog:chromeOptions":{"debuggerAddress":"localhost:53478"},"networkConnectionEnabled":false,"pageLoadStrategy":"normal","platformName":"windows","proxy":{},"_":"10 more keys: [\"setWindowRect\",\"strictFileInteractability\",\"timeouts\",\"unhandledPromptBehavior\",\"webauthn:extension:credBlob\",\"webauthn:extension:largeBlob\",\"webauthn:extension:minPinLength\",\"webauthn:extension:prf\",\"webauthn:virtualAuthenticators\",\"wdio:driverPID\"]"}},"isReactElement":false,"isShadowElement":false}}
COMMAND: POST /session/43e87b72476329c75b982336ff55d726/element - {"using":"css selector","value":"#myFrame"}
RESULT: {"using":"css selector","value":"#myFrame"}
COMMAND: POST /session/43e87b72476329c75b982336ff55d726/elements - {"using":"css selector","value":"#myFrame"}
RESULT: {"using":"css selector","value":"#myFrame"}
COMMAND: POST /session/43e87b72476329c75b982336ff55d726/frame - {"id":{"sessionId":"43e87b72476329c75b982336ff55d726","elementId":"f.5ECA3FE3F9C83A8F8C5415E3F3007998.d.44DC645CF84F5FEBBF1BAB43D76DE741.e.3","element-6066-11e4-a52e-4f735466cecf":"f.5ECA3FE3F9C83A8F8C5415E3F3007998.d.44DC645CF84F5FEBBF1BAB43D76DE741.e.3","selector":"#myFrame","parent":{"capabilities":{"acceptInsecureCerts":false,"browserName":"chrome","browserVersion":"123.0.6312.107","chrome":{"chromedriverVersion":"123.0.6312.122 (31f8248cdd90acbac59f700b603fed0b5967ca50-refs/branch-heads/6312@{#824})","userDataDir":"C:\\Users\\vaheo\\AppData\\Local\\Temp\\scoped_dir13824_1204136360"},"fedcm:accounts":true,"goog:chromeOptions":{"debuggerAddress":"localhost:53478"},"networkConnectionEnabled":false,"pageLoadStrategy":"normal","platformName":"windows","proxy":{},"_":"10 more keys: [\"setWindowRect\",\"strictFileInteractability\",\"timeouts\",\"unhandledPromptBehavior\",\"webauthn:extension:credBlob\",\"webauthn:extension:largeBlob\",\"webauthn:extension:minPinLength\",\"webauthn:extension:prf\",\"webauthn:virtualAuthenticators\",\"wdio:driverPID\"]"}},"isReactElement":false,"isShadowElement":false}}
RESULT: {"id":{"sessionId":"43e87b72476329c75b982336ff55d726","elementId":"f.5ECA3FE3F9C83A8F8C5415E3F3007998.d.44DC645CF84F5FEBBF1BAB43D76DE741.e.3","element-6066-11e4-a52e-4f735466cecf":"f.5ECA3FE3F9C83A8F8C5415E3F3007998.d.44DC645CF84F5FEBBF1BAB43D76DE741.e.3","selector":"#myFrame","parent":{"capabilities":{"acceptInsecureCerts":false,"browserName":"chrome","browserVersion":"123.0.6312.107","chrome":{"chromedriverVersion":"123.0.6312.122 (31f8248cdd90acbac59f700b603fed0b5967ca50-refs/branch-heads/6312@{#824})","userDataDir":"C:\\Users\\vaheo\\AppData\\Local\\Temp\\scoped_dir13824_1204136360"},"fedcm:accounts":true,"goog:chromeOptions":{"debuggerAddress":"localhost:53478"},"networkConnectionEnabled":false,"pageLoadStrategy":"normal","platformName":"windows","proxy":{},"_":"10 more keys: [\"setWindowRect\",\"strictFileInteractability\",\"timeouts\",\"unhandledPromptBehavior\",\"webauthn:extension:credBlob\",\"webauthn:extension:largeBlob\",\"webauthn:extension:minPinLength\",\"webauthn:extension:prf\",\"webauthn:virtualAuthenticators\",\"wdio:driverPID\"]"}},"isReactElement":false,"isShadowElement":false}}
COMMAND: POST /session/43e87b72476329c75b982336ff55d726/element - {"using":"xpath","value":"//md-tab-item[@id='tab-item-1']"}
RESULT: {"using":"xpath","value":"//md-tab-item[@id='tab-item-1']"}
COMMAND: POST /session/43e87b72476329c75b982336ff55d726/element/f.55D6BD95E6FDA1719A6493886DBB82D7.d.2F6D2C5DA0364013B39C2BD83FEC0627.e.16/click - {}
RESULT: {}
COMMAND: POST /session/43e87b72476329c75b982336ff55d726/element - {"using":"xpath","value":"//input[@id=\"input_100\"]"}
RESULT: {"using":"xpath","value":"//input[@id=\"input_100\"]"}
COMMAND: POST /session/43e87b72476329c75b982336ff55d726/element/f.55D6BD95E6FDA1719A6493886DBB82D7.d.2F6D2C5DA0364013B39C2BD83FEC0627.e.30/clear - {}
RESULT: {}
COMMAND: POST /session/43e87b72476329c75b982336ff55d726/element/f.55D6BD95E6FDA1719A6493886DBB82D7.d.2F6D2C5DA0364013B39C2BD83FEC0627.e.30/value - {"text":"4"}
RESULT: {"text":"4"}
COMMAND: POST /session/43e87b72476329c75b982336ff55d726/element - {"using":"css selector","value":"#select_113"}
RESULT: {"using":"css selector","value":"#select_113"}
COMMAND: POST /session/43e87b72476329c75b982336ff55d726/element/f.55D6BD95E6FDA1719A6493886DBB82D7.d.2F6D2C5DA0364013B39C2BD83FEC0627.e.87/click - {}
RESULT: {}
COMMAND: POST /session/43e87b72476329c75b982336ff55d726/element - {"using":"css selector","value":"#select_option_102"}
RESULT: {"using":"css selector","value":"#select_option_102"}
COMMAND: POST /session/43e87b72476329c75b982336ff55d726/execute/sync - {"script":"return (function isElementDisplayed(element) {\n    function nodeIsElement(node) {\n        if (!node) {\n            return false;\n        }\n        switch (node.nodeType) {\n            case Node.ELEMEN ... (8289 more bytes)","args":[{"element-6066-11e4-a52e-4f735466cecf":"f.55D6BD95E6FDA1719A6493886DBB82D7.d.2F6D2C5DA0364013B39C2BD83FEC0627.e.88","ELEMENT":"f.55D6BD95E6FDA1719A6493886DBB82D7.d.2F6D2C5DA0364013B39C2BD83FEC0627.e.88"}]}
RESULT: {"script":"return (function isElementDisplayed(element) {\n    function nodeIsElement(node) {\n        if (!node) {\n            return false;\n        }\n        switch (node.nodeType) {\n            case Node.ELEMEN ... (8289 more bytes)","args":[{"element-6066-11e4-a52e-4f735466cecf":"f.55D6BD95E6FDA1719A6493886DBB82D7.d.2F6D2C5DA0364013B39C2BD83FEC0627.e.88","ELEMENT":"f.55D6BD95E6FDA1719A6493886DBB82D7.d.2F6D2C5DA0364013B39C2BD83FEC0627.e.88"}]}
COMMAND: POST /session/43e87b72476329c75b982336ff55d726/execute/sync - {"script":"return (function isElementDisplayed(element) {\n    function nodeIsElement(node) {\n        if (!node) {\n            return false;\n        }\n        switch (node.nodeType) {\n            case Node.ELEMEN ... (8289 more bytes)","args":[{"element-6066-11e4-a52e-4f735466cecf":"f.55D6BD95E6FDA1719A6493886DBB82D7.d.2F6D2C5DA0364013B39C2BD83FEC0627.e.88","ELEMENT":"f.55D6BD95E6FDA1719A6493886DBB82D7.d.2F6D2C5DA0364013B39C2BD83FEC0627.e.88"}]}
RESULT: {"script":"return (function isElementDisplayed(element) {\n    function nodeIsElement(node) {\n        if (!node) {\n            return false;\n        }\n        switch (node.nodeType) {\n            case Node.ELEMEN ... (8289 more bytes)","args":[{"element-6066-11e4-a52e-4f735466cecf":"f.55D6BD95E6FDA1719A6493886DBB82D7.d.2F6D2C5DA0364013B39C2BD83FEC0627.e.88","ELEMENT":"f.55D6BD95E6FDA1719A6493886DBB82D7.d.2F6D2C5DA0364013B39C2BD83FEC0627.e.88"}]}
COMMAND: POST /session/43e87b72476329c75b982336ff55d726/execute/sync - {"script":"return (function isElementClickable(elem) {\n    if (!elem.getBoundingClientRect || !elem.scrollIntoView || !elem.contains || !elem.getClientRects || !document.elementFromPoint) {\n        return false; ... (5343 more bytes)","args":[{"element-6066-11e4-a52e-4f735466cecf":"f.55D6BD95E6FDA1719A6493886DBB82D7.d.2F6D2C5DA0364013B39C2BD83FEC0627.e.88","ELEMENT":"f.55D6BD95E6FDA1719A6493886DBB82D7.d.2F6D2C5DA0364013B39C2BD83FEC0627.e.88"}]}
RESULT: {"script":"return (function isElementClickable(elem) {\n    if (!elem.getBoundingClientRect || !elem.scrollIntoView || !elem.contains || !elem.getClientRects || !document.elementFromPoint) {\n        return false; ... (5343 more bytes)","args":[{"element-6066-11e4-a52e-4f735466cecf":"f.55D6BD95E6FDA1719A6493886DBB82D7.d.2F6D2C5DA0364013B39C2BD83FEC0627.e.88","ELEMENT":"f.55D6BD95E6FDA1719A6493886DBB82D7.d.2F6D2C5DA0364013B39C2BD83FEC0627.e.88"}]}
COMMAND: POST /session/43e87b72476329c75b982336ff55d726/element/f.55D6BD95E6FDA1719A6493886DBB82D7.d.2F6D2C5DA0364013B39C2BD83FEC0627.e.88/click - {}
RESULT: {}
COMMAND: POST /session/43e87b72476329c75b982336ff55d726/element - {"using":"css selector","value":"#select_117"}
RESULT: {"using":"css selector","value":"#select_117"}
COMMAND: POST /session/43e87b72476329c75b982336ff55d726/element/f.55D6BD95E6FDA1719A6493886DBB82D7.d.2F6D2C5DA0364013B39C2BD83FEC0627.e.89/click - {}
RESULT: {}
COMMAND: POST /session/43e87b72476329c75b982336ff55d726/element - {"using":"xpath","value":"//md-option[@id='select_option_115']"}
RESULT: {"using":"xpath","value":"//md-option[@id='select_option_115']"}
COMMAND: POST /session/43e87b72476329c75b982336ff55d726/execute/sync - {"script":"return (function isElementDisplayed(element) {\n    function nodeIsElement(node) {\n        if (!node) {\n            return false;\n        }\n        switch (node.nodeType) {\n            case Node.ELEMEN ... (8289 more bytes)","args":[{"element-6066-11e4-a52e-4f735466cecf":"f.55D6BD95E6FDA1719A6493886DBB82D7.d.2F6D2C5DA0364013B39C2BD83FEC0627.e.90","ELEMENT":"f.55D6BD95E6FDA1719A6493886DBB82D7.d.2F6D2C5DA0364013B39C2BD83FEC0627.e.90"}]}
RESULT: {"script":"return (function isElementDisplayed(element) {\n    function nodeIsElement(node) {\n        if (!node) {\n            return false;\n        }\n        switch (node.nodeType) {\n            case Node.ELEMEN ... (8289 more bytes)","args":[{"element-6066-11e4-a52e-4f735466cecf":"f.55D6BD95E6FDA1719A6493886DBB82D7.d.2F6D2C5DA0364013B39C2BD83FEC0627.e.90","ELEMENT":"f.55D6BD95E6FDA1719A6493886DBB82D7.d.2F6D2C5DA0364013B39C2BD83FEC0627.e.90"}]}
COMMAND: POST /session/43e87b72476329c75b982336ff55d726/execute/sync - {"script":"return (function isElementDisplayed(element) {\n    function nodeIsElement(node) {\n        if (!node) {\n            return false;\n        }\n        switch (node.nodeType) {\n            case Node.ELEMEN ... (8289 more bytes)","args":[{"element-6066-11e4-a52e-4f735466cecf":"f.55D6BD95E6FDA1719A6493886DBB82D7.d.2F6D2C5DA0364013B39C2BD83FEC0627.e.90","ELEMENT":"f.55D6BD95E6FDA1719A6493886DBB82D7.d.2F6D2C5DA0364013B39C2BD83FEC0627.e.90"}]}
RESULT: {"script":"return (function isElementDisplayed(element) {\n    function nodeIsElement(node) {\n        if (!node) {\n            return false;\n        }\n        switch (node.nodeType) {\n            case Node.ELEMEN ... (8289 more bytes)","args":[{"element-6066-11e4-a52e-4f735466cecf":"f.55D6BD95E6FDA1719A6493886DBB82D7.d.2F6D2C5DA0364013B39C2BD83FEC0627.e.90","ELEMENT":"f.55D6BD95E6FDA1719A6493886DBB82D7.d.2F6D2C5DA0364013B39C2BD83FEC0627.e.90"}]}
COMMAND: POST /session/43e87b72476329c75b982336ff55d726/execute/sync - {"script":"return (function isElementClickable(elem) {\n    if (!elem.getBoundingClientRect || !elem.scrollIntoView || !elem.contains || !elem.getClientRects || !document.elementFromPoint) {\n        return false; ... (5343 more bytes)","args":[{"element-6066-11e4-a52e-4f735466cecf":"f.55D6BD95E6FDA1719A6493886DBB82D7.d.2F6D2C5DA0364013B39C2BD83FEC0627.e.90","ELEMENT":"f.55D6BD95E6FDA1719A6493886DBB82D7.d.2F6D2C5DA0364013B39C2BD83FEC0627.e.90"}]}
RESULT: {"script":"return (function isElementClickable(elem) {\n    if (!elem.getBoundingClientRect || !elem.scrollIntoView || !elem.contains || !elem.getClientRects || !document.elementFromPoint) {\n        return false; ... (5343 more bytes)","args":[{"element-6066-11e4-a52e-4f735466cecf":"f.55D6BD95E6FDA1719A6493886DBB82D7.d.2F6D2C5DA0364013B39C2BD83FEC0627.e.90","ELEMENT":"f.55D6BD95E6FDA1719A6493886DBB82D7.d.2F6D2C5DA0364013B39C2BD83FEC0627.e.90"}]}
COMMAND: POST /session/43e87b72476329c75b982336ff55d726/element/f.55D6BD95E6FDA1719A6493886DBB82D7.d.2F6D2C5DA0364013B39C2BD83FEC0627.e.90/click - {}
RESULT: {}
COMMAND: POST /session/43e87b72476329c75b982336ff55d726/element - {"using":"css selector","value":"#select_123"}
RESULT: {"using":"css selector","value":"#select_123"}
COMMAND: POST /session/43e87b72476329c75b982336ff55d726/element/f.55D6BD95E6FDA1719A6493886DBB82D7.d.2F6D2C5DA0364013B39C2BD83FEC0627.e.91/click - {}
RESULT: {}
COMMAND: POST /session/43e87b72476329c75b982336ff55d726/element - {"using":"xpath","value":"//md-option[@id='select_option_119']/div"}
RESULT: {"using":"xpath","value":"//md-option[@id='select_option_119']/div"}
COMMAND: POST /session/43e87b72476329c75b982336ff55d726/execute/sync - {"script":"return (function isElementDisplayed(element) {\n    function nodeIsElement(node) {\n        if (!node) {\n            return false;\n        }\n        switch (node.nodeType) {\n            case Node.ELEMEN ... (8289 more bytes)","args":[{"element-6066-11e4-a52e-4f735466cecf":"f.55D6BD95E6FDA1719A6493886DBB82D7.d.2F6D2C5DA0364013B39C2BD83FEC0627.e.92","ELEMENT":"f.55D6BD95E6FDA1719A6493886DBB82D7.d.2F6D2C5DA0364013B39C2BD83FEC0627.e.92"}]}
RESULT: {"script":"return (function isElementDisplayed(element) {\n    function nodeIsElement(node) {\n        if (!node) {\n            return false;\n        }\n        switch (node.nodeType) {\n            case Node.ELEMEN ... (8289 more bytes)","args":[{"element-6066-11e4-a52e-4f735466cecf":"f.55D6BD95E6FDA1719A6493886DBB82D7.d.2F6D2C5DA0364013B39C2BD83FEC0627.e.92","ELEMENT":"f.55D6BD95E6FDA1719A6493886DBB82D7.d.2F6D2C5DA0364013B39C2BD83FEC0627.e.92"}]}
COMMAND: POST /session/43e87b72476329c75b982336ff55d726/execute/sync - {"script":"return (function isElementDisplayed(element) {\n    function nodeIsElement(node) {\n        if (!node) {\n            return false;\n        }\n        switch (node.nodeType) {\n            case Node.ELEMEN ... (8289 more bytes)","args":[{"element-6066-11e4-a52e-4f735466cecf":"f.55D6BD95E6FDA1719A6493886DBB82D7.d.2F6D2C5DA0364013B39C2BD83FEC0627.e.92","ELEMENT":"f.55D6BD95E6FDA1719A6493886DBB82D7.d.2F6D2C5DA0364013B39C2BD83FEC0627.e.92"}]}
RESULT: {"script":"return (function isElementDisplayed(element) {\n    function nodeIsElement(node) {\n        if (!node) {\n            return false;\n        }\n        switch (node.nodeType) {\n            case Node.ELEMEN ... (8289 more bytes)","args":[{"element-6066-11e4-a52e-4f735466cecf":"f.55D6BD95E6FDA1719A6493886DBB82D7.d.2F6D2C5DA0364013B39C2BD83FEC0627.e.92","ELEMENT":"f.55D6BD95E6FDA1719A6493886DBB82D7.d.2F6D2C5DA0364013B39C2BD83FEC0627.e.92"}]}
COMMAND: POST /session/43e87b72476329c75b982336ff55d726/execute/sync - {"script":"return (function isElementClickable(elem) {\n    if (!elem.getBoundingClientRect || !elem.scrollIntoView || !elem.contains || !elem.getClientRects || !document.elementFromPoint) {\n        return false; ... (5343 more bytes)","args":[{"element-6066-11e4-a52e-4f735466cecf":"f.55D6BD95E6FDA1719A6493886DBB82D7.d.2F6D2C5DA0364013B39C2BD83FEC0627.e.92","ELEMENT":"f.55D6BD95E6FDA1719A6493886DBB82D7.d.2F6D2C5DA0364013B39C2BD83FEC0627.e.92"}]}
RESULT: {"script":"return (function isElementClickable(elem) {\n    if (!elem.getBoundingClientRect || !elem.scrollIntoView || !elem.contains || !elem.getClientRects || !document.elementFromPoint) {\n        return false; ... (5343 more bytes)","args":[{"element-6066-11e4-a52e-4f735466cecf":"f.55D6BD95E6FDA1719A6493886DBB82D7.d.2F6D2C5DA0364013B39C2BD83FEC0627.e.92","ELEMENT":"f.55D6BD95E6FDA1719A6493886DBB82D7.d.2F6D2C5DA0364013B39C2BD83FEC0627.e.92"}]}
COMMAND: POST /session/43e87b72476329c75b982336ff55d726/element/f.55D6BD95E6FDA1719A6493886DBB82D7.d.2F6D2C5DA0364013B39C2BD83FEC0627.e.92/click - {}
RESULT: {}
COMMAND: POST /session/43e87b72476329c75b982336ff55d726/element - {"using":"xpath","value":"//md-select-value[@id='select_value_label_95']"}
RESULT: {"using":"xpath","value":"//md-select-value[@id='select_value_label_95']"}
COMMAND: POST /session/43e87b72476329c75b982336ff55d726/element/f.55D6BD95E6FDA1719A6493886DBB82D7.d.2F6D2C5DA0364013B39C2BD83FEC0627.e.93/click - {}
RESULT: {}
COMMAND: POST /session/43e87b72476329c75b982336ff55d726/element - {"using":"xpath","value":"//md-option[@id='select_option_224']"}
RESULT: {"using":"xpath","value":"//md-option[@id='select_option_224']"}
COMMAND: POST /session/43e87b72476329c75b982336ff55d726/execute/sync - {"script":"return (function isElementDisplayed(element) {\n    function nodeIsElement(node) {\n        if (!node) {\n            return false;\n        }\n        switch (node.nodeType) {\n            case Node.ELEMEN ... (8289 more bytes)","args":[{"element-6066-11e4-a52e-4f735466cecf":"f.55D6BD95E6FDA1719A6493886DBB82D7.d.2F6D2C5DA0364013B39C2BD83FEC0627.e.94","ELEMENT":"f.55D6BD95E6FDA1719A6493886DBB82D7.d.2F6D2C5DA0364013B39C2BD83FEC0627.e.94"}]}
RESULT: {"script":"return (function isElementDisplayed(element) {\n    function nodeIsElement(node) {\n        if (!node) {\n            return false;\n        }\n        switch (node.nodeType) {\n            case Node.ELEMEN ... (8289 more bytes)","args":[{"element-6066-11e4-a52e-4f735466cecf":"f.55D6BD95E6FDA1719A6493886DBB82D7.d.2F6D2C5DA0364013B39C2BD83FEC0627.e.94","ELEMENT":"f.55D6BD95E6FDA1719A6493886DBB82D7.d.2F6D2C5DA0364013B39C2BD83FEC0627.e.94"}]}
COMMAND: POST /session/43e87b72476329c75b982336ff55d726/execute/sync - {"script":"return (function isElementDisplayed(element) {\n    function nodeIsElement(node) {\n        if (!node) {\n            return false;\n        }\n        switch (node.nodeType) {\n            case Node.ELEMEN ... (8289 more bytes)","args":[{"element-6066-11e4-a52e-4f735466cecf":"f.55D6BD95E6FDA1719A6493886DBB82D7.d.2F6D2C5DA0364013B39C2BD83FEC0627.e.94","ELEMENT":"f.55D6BD95E6FDA1719A6493886DBB82D7.d.2F6D2C5DA0364013B39C2BD83FEC0627.e.94"}]}
RESULT: {"script":"return (function isElementDisplayed(element) {\n    function nodeIsElement(node) {\n        if (!node) {\n            return false;\n        }\n        switch (node.nodeType) {\n            case Node.ELEMEN ... (8289 more bytes)","args":[{"element-6066-11e4-a52e-4f735466cecf":"f.55D6BD95E6FDA1719A6493886DBB82D7.d.2F6D2C5DA0364013B39C2BD83FEC0627.e.94","ELEMENT":"f.55D6BD95E6FDA1719A6493886DBB82D7.d.2F6D2C5DA0364013B39C2BD83FEC0627.e.94"}]}
COMMAND: POST /session/43e87b72476329c75b982336ff55d726/execute/sync - {"script":"return (function isElementClickable(elem) {\n    if (!elem.getBoundingClientRect || !elem.scrollIntoView || !elem.contains || !elem.getClientRects || !document.elementFromPoint) {\n        return false; ... (5343 more bytes)","args":[{"element-6066-11e4-a52e-4f735466cecf":"f.55D6BD95E6FDA1719A6493886DBB82D7.d.2F6D2C5DA0364013B39C2BD83FEC0627.e.94","ELEMENT":"f.55D6BD95E6FDA1719A6493886DBB82D7.d.2F6D2C5DA0364013B39C2BD83FEC0627.e.94"}]}
RESULT: {"script":"return (function isElementClickable(elem) {\n    if (!elem.getBoundingClientRect || !elem.scrollIntoView || !elem.contains || !elem.getClientRects || !document.elementFromPoint) {\n        return false; ... (5343 more bytes)","args":[{"element-6066-11e4-a52e-4f735466cecf":"f.55D6BD95E6FDA1719A6493886DBB82D7.d.2F6D2C5DA0364013B39C2BD83FEC0627.e.94","ELEMENT":"f.55D6BD95E6FDA1719A6493886DBB82D7.d.2F6D2C5DA0364013B39C2BD83FEC0627.e.94"}]}
COMMAND: POST /session/43e87b72476329c75b982336ff55d726/element/f.55D6BD95E6FDA1719A6493886DBB82D7.d.2F6D2C5DA0364013B39C2BD83FEC0627.e.94/click - {}
RESULT: {}
COMMAND: POST /session/43e87b72476329c75b982336ff55d726/element - {"using":"xpath","value":"//md-select-value[@id='select_value_label_96']"}
RESULT: {"using":"xpath","value":"//md-select-value[@id='select_value_label_96']"}
COMMAND: POST /session/43e87b72476329c75b982336ff55d726/element/f.55D6BD95E6FDA1719A6493886DBB82D7.d.2F6D2C5DA0364013B39C2BD83FEC0627.e.241/click - {}
RESULT: {}
COMMAND: POST /session/43e87b72476329c75b982336ff55d726/element - {"using":"xpath","value":"//md-option[@id='select_option_474']"}
RESULT: {"using":"xpath","value":"//md-option[@id='select_option_474']"}
COMMAND: POST /session/43e87b72476329c75b982336ff55d726/execute/sync - {"script":"return (function isElementDisplayed(element) {\n    function nodeIsElement(node) {\n        if (!node) {\n            return false;\n        }\n        switch (node.nodeType) {\n            case Node.ELEMEN ... (8289 more bytes)","args":[{"element-6066-11e4-a52e-4f735466cecf":"f.55D6BD95E6FDA1719A6493886DBB82D7.d.2F6D2C5DA0364013B39C2BD83FEC0627.e.244","ELEMENT":"f.55D6BD95E6FDA1719A6493886DBB82D7.d.2F6D2C5DA0364013B39C2BD83FEC0627.e.244"}]}
RESULT: {"script":"return (function isElementDisplayed(element) {\n    function nodeIsElement(node) {\n        if (!node) {\n            return false;\n        }\n        switch (node.nodeType) {\n            case Node.ELEMEN ... (8289 more bytes)","args":[{"element-6066-11e4-a52e-4f735466cecf":"f.55D6BD95E6FDA1719A6493886DBB82D7.d.2F6D2C5DA0364013B39C2BD83FEC0627.e.244","ELEMENT":"f.55D6BD95E6FDA1719A6493886DBB82D7.d.2F6D2C5DA0364013B39C2BD83FEC0627.e.244"}]}
COMMAND: POST /session/43e87b72476329c75b982336ff55d726/execute/sync - {"script":"return (function isElementDisplayed(element) {\n    function nodeIsElement(node) {\n        if (!node) {\n            return false;\n        }\n        switch (node.nodeType) {\n            case Node.ELEMEN ... (8289 more bytes)","args":[{"element-6066-11e4-a52e-4f735466cecf":"f.55D6BD95E6FDA1719A6493886DBB82D7.d.2F6D2C5DA0364013B39C2BD83FEC0627.e.244","ELEMENT":"f.55D6BD95E6FDA1719A6493886DBB82D7.d.2F6D2C5DA0364013B39C2BD83FEC0627.e.244"}]}
RESULT: {"script":"return (function isElementDisplayed(element) {\n    function nodeIsElement(node) {\n        if (!node) {\n            return false;\n        }\n        switch (node.nodeType) {\n            case Node.ELEMEN ... (8289 more bytes)","args":[{"element-6066-11e4-a52e-4f735466cecf":"f.55D6BD95E6FDA1719A6493886DBB82D7.d.2F6D2C5DA0364013B39C2BD83FEC0627.e.244","ELEMENT":"f.55D6BD95E6FDA1719A6493886DBB82D7.d.2F6D2C5DA0364013B39C2BD83FEC0627.e.244"}]}
COMMAND: POST /session/43e87b72476329c75b982336ff55d726/execute/sync - {"script":"return (function isElementClickable(elem) {\n    if (!elem.getBoundingClientRect || !elem.scrollIntoView || !elem.contains || !elem.getClientRects || !document.elementFromPoint) {\n        return false; ... (5343 more bytes)","args":[{"element-6066-11e4-a52e-4f735466cecf":"f.55D6BD95E6FDA1719A6493886DBB82D7.d.2F6D2C5DA0364013B39C2BD83FEC0627.e.244","ELEMENT":"f.55D6BD95E6FDA1719A6493886DBB82D7.d.2F6D2C5DA0364013B39C2BD83FEC0627.e.244"}]}
RESULT: {"script":"return (function isElementClickable(elem) {\n    if (!elem.getBoundingClientRect || !elem.scrollIntoView || !elem.contains || !elem.getClientRects || !document.elementFromPoint) {\n        return false; ... (5343 more bytes)","args":[{"element-6066-11e4-a52e-4f735466cecf":"f.55D6BD95E6FDA1719A6493886DBB82D7.d.2F6D2C5DA0364013B39C2BD83FEC0627.e.244","ELEMENT":"f.55D6BD95E6FDA1719A6493886DBB82D7.d.2F6D2C5DA0364013B39C2BD83FEC0627.e.244"}]}
COMMAND: POST /session/43e87b72476329c75b982336ff55d726/element/f.55D6BD95E6FDA1719A6493886DBB82D7.d.2F6D2C5DA0364013B39C2BD83FEC0627.e.244/click - {}
RESULT: {}
COMMAND: POST /session/43e87b72476329c75b982336ff55d726/elements - {"using":"css selector","value":".md-container.md-ink-ripple"}
RESULT: {"using":"css selector","value":".md-container.md-ink-ripple"}
COMMAND: POST /session/43e87b72476329c75b982336ff55d726/element/f.55D6BD95E6FDA1719A6493886DBB82D7.d.2F6D2C5DA0364013B39C2BD83FEC0627.e.248/click - {}
RESULT: {}
COMMAND: POST /session/43e87b72476329c75b982336ff55d726/element - {"using":"css selector","value":"#select_510"}
RESULT: {"using":"css selector","value":"#select_510"}
COMMAND: POST /session/43e87b72476329c75b982336ff55d726/element/f.55D6BD95E6FDA1719A6493886DBB82D7.d.2F6D2C5DA0364013B39C2BD83FEC0627.e.326/click - {}
RESULT: {}
COMMAND: POST /session/43e87b72476329c75b982336ff55d726/element - {"using":"css selector","value":"#select_option_517"}
RESULT: {"using":"css selector","value":"#select_option_517"}
COMMAND: POST /session/43e87b72476329c75b982336ff55d726/execute/sync - {"script":"return (function isElementDisplayed(element) {\n    function nodeIsElement(node) {\n        if (!node) {\n            return false;\n        }\n        switch (node.nodeType) {\n            case Node.ELEMEN ... (8289 more bytes)","args":[{"element-6066-11e4-a52e-4f735466cecf":"f.55D6BD95E6FDA1719A6493886DBB82D7.d.2F6D2C5DA0364013B39C2BD83FEC0627.e.327","ELEMENT":"f.55D6BD95E6FDA1719A6493886DBB82D7.d.2F6D2C5DA0364013B39C2BD83FEC0627.e.327"}]}
RESULT: {"script":"return (function isElementDisplayed(element) {\n    function nodeIsElement(node) {\n        if (!node) {\n            return false;\n        }\n        switch (node.nodeType) {\n            case Node.ELEMEN ... (8289 more bytes)","args":[{"element-6066-11e4-a52e-4f735466cecf":"f.55D6BD95E6FDA1719A6493886DBB82D7.d.2F6D2C5DA0364013B39C2BD83FEC0627.e.327","ELEMENT":"f.55D6BD95E6FDA1719A6493886DBB82D7.d.2F6D2C5DA0364013B39C2BD83FEC0627.e.327"}]}
COMMAND: POST /session/43e87b72476329c75b982336ff55d726/execute/sync - {"script":"return (function isElementDisplayed(element) {\n    function nodeIsElement(node) {\n        if (!node) {\n            return false;\n        }\n        switch (node.nodeType) {\n            case Node.ELEMEN ... (8289 more bytes)","args":[{"element-6066-11e4-a52e-4f735466cecf":"f.55D6BD95E6FDA1719A6493886DBB82D7.d.2F6D2C5DA0364013B39C2BD83FEC0627.e.327","ELEMENT":"f.55D6BD95E6FDA1719A6493886DBB82D7.d.2F6D2C5DA0364013B39C2BD83FEC0627.e.327"}]}
RESULT: {"script":"return (function isElementDisplayed(element) {\n    function nodeIsElement(node) {\n        if (!node) {\n            return false;\n        }\n        switch (node.nodeType) {\n            case Node.ELEMEN ... (8289 more bytes)","args":[{"element-6066-11e4-a52e-4f735466cecf":"f.55D6BD95E6FDA1719A6493886DBB82D7.d.2F6D2C5DA0364013B39C2BD83FEC0627.e.327","ELEMENT":"f.55D6BD95E6FDA1719A6493886DBB82D7.d.2F6D2C5DA0364013B39C2BD83FEC0627.e.327"}]}
COMMAND: POST /session/43e87b72476329c75b982336ff55d726/execute/sync - {"script":"return (function isElementClickable(elem) {\n    if (!elem.getBoundingClientRect || !elem.scrollIntoView || !elem.contains || !elem.getClientRects || !document.elementFromPoint) {\n        return false; ... (5343 more bytes)","args":[{"element-6066-11e4-a52e-4f735466cecf":"f.55D6BD95E6FDA1719A6493886DBB82D7.d.2F6D2C5DA0364013B39C2BD83FEC0627.e.327","ELEMENT":"f.55D6BD95E6FDA1719A6493886DBB82D7.d.2F6D2C5DA0364013B39C2BD83FEC0627.e.327"}]}
RESULT: {"script":"return (function isElementClickable(elem) {\n    if (!elem.getBoundingClientRect || !elem.scrollIntoView || !elem.contains || !elem.getClientRects || !document.elementFromPoint) {\n        return false; ... (5343 more bytes)","args":[{"element-6066-11e4-a52e-4f735466cecf":"f.55D6BD95E6FDA1719A6493886DBB82D7.d.2F6D2C5DA0364013B39C2BD83FEC0627.e.327","ELEMENT":"f.55D6BD95E6FDA1719A6493886DBB82D7.d.2F6D2C5DA0364013B39C2BD83FEC0627.e.327"}]}
COMMAND: POST /session/43e87b72476329c75b982336ff55d726/element/f.55D6BD95E6FDA1719A6493886DBB82D7.d.2F6D2C5DA0364013B39C2BD83FEC0627.e.327/click - {}
RESULT: {}
COMMAND: POST /session/43e87b72476329c75b982336ff55d726/element - {"using":"css selector","value":"#select_512"}
RESULT: {"using":"css selector","value":"#select_512"}
COMMAND: POST /session/43e87b72476329c75b982336ff55d726/element/f.55D6BD95E6FDA1719A6493886DBB82D7.d.2F6D2C5DA0364013B39C2BD83FEC0627.e.328/click - {}
RESULT: {}
COMMAND: POST /session/43e87b72476329c75b982336ff55d726/element - {"using":"css selector","value":"#select_option_520"}
RESULT: {"using":"css selector","value":"#select_option_520"}
COMMAND: POST /session/43e87b72476329c75b982336ff55d726/execute/sync - {"script":"return (function isElementDisplayed(element) {\n    function nodeIsElement(node) {\n        if (!node) {\n            return false;\n        }\n        switch (node.nodeType) {\n            case Node.ELEMEN ... (8289 more bytes)","args":[{"element-6066-11e4-a52e-4f735466cecf":"f.55D6BD95E6FDA1719A6493886DBB82D7.d.2F6D2C5DA0364013B39C2BD83FEC0627.e.329","ELEMENT":"f.55D6BD95E6FDA1719A6493886DBB82D7.d.2F6D2C5DA0364013B39C2BD83FEC0627.e.329"}]}
RESULT: {"script":"return (function isElementDisplayed(element) {\n    function nodeIsElement(node) {\n        if (!node) {\n            return false;\n        }\n        switch (node.nodeType) {\n            case Node.ELEMEN ... (8289 more bytes)","args":[{"element-6066-11e4-a52e-4f735466cecf":"f.55D6BD95E6FDA1719A6493886DBB82D7.d.2F6D2C5DA0364013B39C2BD83FEC0627.e.329","ELEMENT":"f.55D6BD95E6FDA1719A6493886DBB82D7.d.2F6D2C5DA0364013B39C2BD83FEC0627.e.329"}]}
COMMAND: POST /session/43e87b72476329c75b982336ff55d726/execute/sync - {"script":"return (function isElementDisplayed(element) {\n    function nodeIsElement(node) {\n        if (!node) {\n            return false;\n        }\n        switch (node.nodeType) {\n            case Node.ELEMEN ... (8289 more bytes)","args":[{"element-6066-11e4-a52e-4f735466cecf":"f.55D6BD95E6FDA1719A6493886DBB82D7.d.2F6D2C5DA0364013B39C2BD83FEC0627.e.329","ELEMENT":"f.55D6BD95E6FDA1719A6493886DBB82D7.d.2F6D2C5DA0364013B39C2BD83FEC0627.e.329"}]}
RESULT: {"script":"return (function isElementDisplayed(element) {\n    function nodeIsElement(node) {\n        if (!node) {\n            return false;\n        }\n        switch (node.nodeType) {\n            case Node.ELEMEN ... (8289 more bytes)","args":[{"element-6066-11e4-a52e-4f735466cecf":"f.55D6BD95E6FDA1719A6493886DBB82D7.d.2F6D2C5DA0364013B39C2BD83FEC0627.e.329","ELEMENT":"f.55D6BD95E6FDA1719A6493886DBB82D7.d.2F6D2C5DA0364013B39C2BD83FEC0627.e.329"}]}
COMMAND: POST /session/43e87b72476329c75b982336ff55d726/execute/sync - {"script":"return (function isElementClickable(elem) {\n    if (!elem.getBoundingClientRect || !elem.scrollIntoView || !elem.contains || !elem.getClientRects || !document.elementFromPoint) {\n        return false; ... (5343 more bytes)","args":[{"element-6066-11e4-a52e-4f735466cecf":"f.55D6BD95E6FDA1719A6493886DBB82D7.d.2F6D2C5DA0364013B39C2BD83FEC0627.e.329","ELEMENT":"f.55D6BD95E6FDA1719A6493886DBB82D7.d.2F6D2C5DA0364013B39C2BD83FEC0627.e.329"}]}
RESULT: {"script":"return (function isElementClickable(elem) {\n    if (!elem.getBoundingClientRect || !elem.scrollIntoView || !elem.contains || !elem.getClientRects || !document.elementFromPoint) {\n        return false; ... (5343 more bytes)","args":[{"element-6066-11e4-a52e-4f735466cecf":"f.55D6BD95E6FDA1719A6493886DBB82D7.d.2F6D2C5DA0364013B39C2BD83FEC0627.e.329","ELEMENT":"f.55D6BD95E6FDA1719A6493886DBB82D7.d.2F6D2C5DA0364013B39C2BD83FEC0627.e.329"}]}
COMMAND: POST /session/43e87b72476329c75b982336ff55d726/element/f.55D6BD95E6FDA1719A6493886DBB82D7.d.2F6D2C5DA0364013B39C2BD83FEC0627.e.329/click - {}
RESULT: {}
COMMAND: POST /session/43e87b72476329c75b982336ff55d726/element - {"using":"xpath","value":"//md-select-value[@id='select_value_label_468']"}
RESULT: {"using":"xpath","value":"//md-select-value[@id='select_value_label_468']"}
COMMAND: POST /session/43e87b72476329c75b982336ff55d726/element/f.55D6BD95E6FDA1719A6493886DBB82D7.d.2F6D2C5DA0364013B39C2BD83FEC0627.e.239/click - {}
RESULT: {}
COMMAND: POST /session/43e87b72476329c75b982336ff55d726/element - {"using":"xpath","value":"//md-option[@id='select_option_495']"}
RESULT: {"using":"xpath","value":"//md-option[@id='select_option_495']"}
COMMAND: POST /session/43e87b72476329c75b982336ff55d726/execute/sync - {"script":"return (function isElementDisplayed(element) {\n    function nodeIsElement(node) {\n        if (!node) {\n            return false;\n        }\n        switch (node.nodeType) {\n            case Node.ELEMEN ... (8289 more bytes)","args":[{"element-6066-11e4-a52e-4f735466cecf":"f.55D6BD95E6FDA1719A6493886DBB82D7.d.2F6D2C5DA0364013B39C2BD83FEC0627.e.330","ELEMENT":"f.55D6BD95E6FDA1719A6493886DBB82D7.d.2F6D2C5DA0364013B39C2BD83FEC0627.e.330"}]}
RESULT: {"script":"return (function isElementDisplayed(element) {\n    function nodeIsElement(node) {\n        if (!node) {\n            return false;\n        }\n        switch (node.nodeType) {\n            case Node.ELEMEN ... (8289 more bytes)","args":[{"element-6066-11e4-a52e-4f735466cecf":"f.55D6BD95E6FDA1719A6493886DBB82D7.d.2F6D2C5DA0364013B39C2BD83FEC0627.e.330","ELEMENT":"f.55D6BD95E6FDA1719A6493886DBB82D7.d.2F6D2C5DA0364013B39C2BD83FEC0627.e.330"}]}
COMMAND: POST /session/43e87b72476329c75b982336ff55d726/execute/sync - {"script":"return (function isElementDisplayed(element) {\n    function nodeIsElement(node) {\n        if (!node) {\n            return false;\n        }\n        switch (node.nodeType) {\n            case Node.ELEMEN ... (8289 more bytes)","args":[{"element-6066-11e4-a52e-4f735466cecf":"f.55D6BD95E6FDA1719A6493886DBB82D7.d.2F6D2C5DA0364013B39C2BD83FEC0627.e.330","ELEMENT":"f.55D6BD95E6FDA1719A6493886DBB82D7.d.2F6D2C5DA0364013B39C2BD83FEC0627.e.330"}]}
RESULT: {"script":"return (function isElementDisplayed(element) {\n    function nodeIsElement(node) {\n        if (!node) {\n            return false;\n        }\n        switch (node.nodeType) {\n            case Node.ELEMEN ... (8289 more bytes)","args":[{"element-6066-11e4-a52e-4f735466cecf":"f.55D6BD95E6FDA1719A6493886DBB82D7.d.2F6D2C5DA0364013B39C2BD83FEC0627.e.330","ELEMENT":"f.55D6BD95E6FDA1719A6493886DBB82D7.d.2F6D2C5DA0364013B39C2BD83FEC0627.e.330"}]}
COMMAND: POST /session/43e87b72476329c75b982336ff55d726/execute/sync - {"script":"return (function isElementClickable(elem) {\n    if (!elem.getBoundingClientRect || !elem.scrollIntoView || !elem.contains || !elem.getClientRects || !document.elementFromPoint) {\n        return false; ... (5343 more bytes)","args":[{"element-6066-11e4-a52e-4f735466cecf":"f.55D6BD95E6FDA1719A6493886DBB82D7.d.2F6D2C5DA0364013B39C2BD83FEC0627.e.330","ELEMENT":"f.55D6BD95E6FDA1719A6493886DBB82D7.d.2F6D2C5DA0364013B39C2BD83FEC0627.e.330"}]}
RESULT: {"script":"return (function isElementClickable(elem) {\n    if (!elem.getBoundingClientRect || !elem.scrollIntoView || !elem.contains || !elem.getClientRects || !document.elementFromPoint) {\n        return false; ... (5343 more bytes)","args":[{"element-6066-11e4-a52e-4f735466cecf":"f.55D6BD95E6FDA1719A6493886DBB82D7.d.2F6D2C5DA0364013B39C2BD83FEC0627.e.330","ELEMENT":"f.55D6BD95E6FDA1719A6493886DBB82D7.d.2F6D2C5DA0364013B39C2BD83FEC0627.e.330"}]}
COMMAND: POST /session/43e87b72476329c75b982336ff55d726/element/f.55D6BD95E6FDA1719A6493886DBB82D7.d.2F6D2C5DA0364013B39C2BD83FEC0627.e.330/click - {}
RESULT: {}
COMMAND: POST /session/43e87b72476329c75b982336ff55d726/element - {"using":"xpath","value":"//md-select-value[@id='select_value_label_98']"}
RESULT: {"using":"xpath","value":"//md-select-value[@id='select_value_label_98']"}
COMMAND: POST /session/43e87b72476329c75b982336ff55d726/element/f.55D6BD95E6FDA1719A6493886DBB82D7.d.2F6D2C5DA0364013B39C2BD83FEC0627.e.97/click - {}
RESULT: {}
COMMAND: POST /session/43e87b72476329c75b982336ff55d726/element - {"using":"xpath","value":"//md-option[@id='select_option_269']"}
RESULT: {"using":"xpath","value":"//md-option[@id='select_option_269']"}
COMMAND: POST /session/43e87b72476329c75b982336ff55d726/execute/sync - {"script":"return (function isElementDisplayed(element) {\n    function nodeIsElement(node) {\n        if (!node) {\n            return false;\n        }\n        switch (node.nodeType) {\n            case Node.ELEMEN ... (8289 more bytes)","args":[{"element-6066-11e4-a52e-4f735466cecf":"f.55D6BD95E6FDA1719A6493886DBB82D7.d.2F6D2C5DA0364013B39C2BD83FEC0627.e.331","ELEMENT":"f.55D6BD95E6FDA1719A6493886DBB82D7.d.2F6D2C5DA0364013B39C2BD83FEC0627.e.331"}]}
RESULT: {"script":"return (function isElementDisplayed(element) {\n    function nodeIsElement(node) {\n        if (!node) {\n            return false;\n        }\n        switch (node.nodeType) {\n            case Node.ELEMEN ... (8289 more bytes)","args":[{"element-6066-11e4-a52e-4f735466cecf":"f.55D6BD95E6FDA1719A6493886DBB82D7.d.2F6D2C5DA0364013B39C2BD83FEC0627.e.331","ELEMENT":"f.55D6BD95E6FDA1719A6493886DBB82D7.d.2F6D2C5DA0364013B39C2BD83FEC0627.e.331"}]}
COMMAND: POST /session/43e87b72476329c75b982336ff55d726/execute/sync - {"script":"return (function isElementDisplayed(element) {\n    function nodeIsElement(node) {\n        if (!node) {\n            return false;\n        }\n        switch (node.nodeType) {\n            case Node.ELEMEN ... (8289 more bytes)","args":[{"element-6066-11e4-a52e-4f735466cecf":"f.55D6BD95E6FDA1719A6493886DBB82D7.d.2F6D2C5DA0364013B39C2BD83FEC0627.e.331","ELEMENT":"f.55D6BD95E6FDA1719A6493886DBB82D7.d.2F6D2C5DA0364013B39C2BD83FEC0627.e.331"}]}
RESULT: {"script":"return (function isElementDisplayed(element) {\n    function nodeIsElement(node) {\n        if (!node) {\n            return false;\n        }\n        switch (node.nodeType) {\n            case Node.ELEMEN ... (8289 more bytes)","args":[{"element-6066-11e4-a52e-4f735466cecf":"f.55D6BD95E6FDA1719A6493886DBB82D7.d.2F6D2C5DA0364013B39C2BD83FEC0627.e.331","ELEMENT":"f.55D6BD95E6FDA1719A6493886DBB82D7.d.2F6D2C5DA0364013B39C2BD83FEC0627.e.331"}]}
COMMAND: POST /session/43e87b72476329c75b982336ff55d726/execute/sync - {"script":"return (function isElementClickable(elem) {\n    if (!elem.getBoundingClientRect || !elem.scrollIntoView || !elem.contains || !elem.getClientRects || !document.elementFromPoint) {\n        return false; ... (5343 more bytes)","args":[{"element-6066-11e4-a52e-4f735466cecf":"f.55D6BD95E6FDA1719A6493886DBB82D7.d.2F6D2C5DA0364013B39C2BD83FEC0627.e.331","ELEMENT":"f.55D6BD95E6FDA1719A6493886DBB82D7.d.2F6D2C5DA0364013B39C2BD83FEC0627.e.331"}]}
RESULT: {"script":"return (function isElementClickable(elem) {\n    if (!elem.getBoundingClientRect || !elem.scrollIntoView || !elem.contains || !elem.getClientRects || !document.elementFromPoint) {\n        return false; ... (5343 more bytes)","args":[{"element-6066-11e4-a52e-4f735466cecf":"f.55D6BD95E6FDA1719A6493886DBB82D7.d.2F6D2C5DA0364013B39C2BD83FEC0627.e.331","ELEMENT":"f.55D6BD95E6FDA1719A6493886DBB82D7.d.2F6D2C5DA0364013B39C2BD83FEC0627.e.331"}]}
COMMAND: POST /session/43e87b72476329c75b982336ff55d726/element/f.55D6BD95E6FDA1719A6493886DBB82D7.d.2F6D2C5DA0364013B39C2BD83FEC0627.e.331/click - {}
RESULT: {}
COMMAND: POST /session/43e87b72476329c75b982336ff55d726/element - {"using":"xpath","value":"//md-select-value[@id='select_value_label_99']"}
RESULT: {"using":"xpath","value":"//md-select-value[@id='select_value_label_99']"}
COMMAND: POST /session/43e87b72476329c75b982336ff55d726/element/f.55D6BD95E6FDA1719A6493886DBB82D7.d.2F6D2C5DA0364013B39C2BD83FEC0627.e.107/click - {}
RESULT: {}
COMMAND: POST /session/43e87b72476329c75b982336ff55d726/element - {"using":"xpath","value":"//md-option[@id='select_option_138']"}
RESULT: {"using":"xpath","value":"//md-option[@id='select_option_138']"}
COMMAND: POST /session/43e87b72476329c75b982336ff55d726/execute/sync - {"script":"return (function isElementDisplayed(element) {\n    function nodeIsElement(node) {\n        if (!node) {\n            return false;\n        }\n        switch (node.nodeType) {\n            case Node.ELEMEN ... (8289 more bytes)","args":[{"element-6066-11e4-a52e-4f735466cecf":"f.55D6BD95E6FDA1719A6493886DBB82D7.d.2F6D2C5DA0364013B39C2BD83FEC0627.e.334","ELEMENT":"f.55D6BD95E6FDA1719A6493886DBB82D7.d.2F6D2C5DA0364013B39C2BD83FEC0627.e.334"}]}
RESULT: {"script":"return (function isElementDisplayed(element) {\n    function nodeIsElement(node) {\n        if (!node) {\n            return false;\n        }\n        switch (node.nodeType) {\n            case Node.ELEMEN ... (8289 more bytes)","args":[{"element-6066-11e4-a52e-4f735466cecf":"f.55D6BD95E6FDA1719A6493886DBB82D7.d.2F6D2C5DA0364013B39C2BD83FEC0627.e.334","ELEMENT":"f.55D6BD95E6FDA1719A6493886DBB82D7.d.2F6D2C5DA0364013B39C2BD83FEC0627.e.334"}]}
COMMAND: POST /session/43e87b72476329c75b982336ff55d726/execute/sync - {"script":"return (function isElementDisplayed(element) {\n    function nodeIsElement(node) {\n        if (!node) {\n            return false;\n        }\n        switch (node.nodeType) {\n            case Node.ELEMEN ... (8289 more bytes)","args":[{"element-6066-11e4-a52e-4f735466cecf":"f.55D6BD95E6FDA1719A6493886DBB82D7.d.2F6D2C5DA0364013B39C2BD83FEC0627.e.334","ELEMENT":"f.55D6BD95E6FDA1719A6493886DBB82D7.d.2F6D2C5DA0364013B39C2BD83FEC0627.e.334"}]}
RESULT: {"script":"return (function isElementDisplayed(element) {\n    function nodeIsElement(node) {\n        if (!node) {\n            return false;\n        }\n        switch (node.nodeType) {\n            case Node.ELEMEN ... (8289 more bytes)","args":[{"element-6066-11e4-a52e-4f735466cecf":"f.55D6BD95E6FDA1719A6493886DBB82D7.d.2F6D2C5DA0364013B39C2BD83FEC0627.e.334","ELEMENT":"f.55D6BD95E6FDA1719A6493886DBB82D7.d.2F6D2C5DA0364013B39C2BD83FEC0627.e.334"}]}
COMMAND: POST /session/43e87b72476329c75b982336ff55d726/execute/sync - {"script":"return (function isElementClickable(elem) {\n    if (!elem.getBoundingClientRect || !elem.scrollIntoView || !elem.contains || !elem.getClientRects || !document.elementFromPoint) {\n        return false; ... (5343 more bytes)","args":[{"element-6066-11e4-a52e-4f735466cecf":"f.55D6BD95E6FDA1719A6493886DBB82D7.d.2F6D2C5DA0364013B39C2BD83FEC0627.e.334","ELEMENT":"f.55D6BD95E6FDA1719A6493886DBB82D7.d.2F6D2C5DA0364013B39C2BD83FEC0627.e.334"}]}
RESULT: {"script":"return (function isElementClickable(elem) {\n    if (!elem.getBoundingClientRect || !elem.scrollIntoView || !elem.contains || !elem.getClientRects || !document.elementFromPoint) {\n        return false; ... (5343 more bytes)","args":[{"element-6066-11e4-a52e-4f735466cecf":"f.55D6BD95E6FDA1719A6493886DBB82D7.d.2F6D2C5DA0364013B39C2BD83FEC0627.e.334","ELEMENT":"f.55D6BD95E6FDA1719A6493886DBB82D7.d.2F6D2C5DA0364013B39C2BD83FEC0627.e.334"}]}
COMMAND: POST /session/43e87b72476329c75b982336ff55d726/element/f.55D6BD95E6FDA1719A6493886DBB82D7.d.2F6D2C5DA0364013B39C2BD83FEC0627.e.334/click - {}
RESULT: {}
COMMAND: POST /session/43e87b72476329c75b982336ff55d726/element - {"using":"xpath","value":"//form[@name='ComputeEngineForm']//button[@type='button'][normalize-space()='Add to Estimate']"}
RESULT: {"using":"xpath","value":"//form[@name='ComputeEngineForm']//button[@type='button'][normalize-space()='Add to Estimate']"}
COMMAND: POST /session/43e87b72476329c75b982336ff55d726/execute/sync - {"script":"return (function isElementDisplayed(element) {\n    function nodeIsElement(node) {\n        if (!node) {\n            return false;\n        }\n        switch (node.nodeType) {\n            case Node.ELEMEN ... (8289 more bytes)","args":[{"element-6066-11e4-a52e-4f735466cecf":"f.55D6BD95E6FDA1719A6493886DBB82D7.d.2F6D2C5DA0364013B39C2BD83FEC0627.e.119","ELEMENT":"f.55D6BD95E6FDA1719A6493886DBB82D7.d.2F6D2C5DA0364013B39C2BD83FEC0627.e.119"}]}
RESULT: {"script":"return (function isElementDisplayed(element) {\n    function nodeIsElement(node) {\n        if (!node) {\n            return false;\n        }\n        switch (node.nodeType) {\n            case Node.ELEMEN ... (8289 more bytes)","args":[{"element-6066-11e4-a52e-4f735466cecf":"f.55D6BD95E6FDA1719A6493886DBB82D7.d.2F6D2C5DA0364013B39C2BD83FEC0627.e.119","ELEMENT":"f.55D6BD95E6FDA1719A6493886DBB82D7.d.2F6D2C5DA0364013B39C2BD83FEC0627.e.119"}]}
COMMAND: POST /session/43e87b72476329c75b982336ff55d726/execute/sync - {"script":"return (function isElementClickable(elem) {\n    if (!elem.getBoundingClientRect || !elem.scrollIntoView || !elem.contains || !elem.getClientRects || !document.elementFromPoint) {\n        return false; ... (5343 more bytes)","args":[{"element-6066-11e4-a52e-4f735466cecf":"f.55D6BD95E6FDA1719A6493886DBB82D7.d.2F6D2C5DA0364013B39C2BD83FEC0627.e.119","ELEMENT":"f.55D6BD95E6FDA1719A6493886DBB82D7.d.2F6D2C5DA0364013B39C2BD83FEC0627.e.119"}]}
RESULT: {"script":"return (function isElementClickable(elem) {\n    if (!elem.getBoundingClientRect || !elem.scrollIntoView || !elem.contains || !elem.getClientRects || !document.elementFromPoint) {\n        return false; ... (5343 more bytes)","args":[{"element-6066-11e4-a52e-4f735466cecf":"f.55D6BD95E6FDA1719A6493886DBB82D7.d.2F6D2C5DA0364013B39C2BD83FEC0627.e.119","ELEMENT":"f.55D6BD95E6FDA1719A6493886DBB82D7.d.2F6D2C5DA0364013B39C2BD83FEC0627.e.119"}]}
COMMAND: POST /session/43e87b72476329c75b982336ff55d726/element/f.55D6BD95E6FDA1719A6493886DBB82D7.d.2F6D2C5DA0364013B39C2BD83FEC0627.e.119/click - {}
RESULT: {}
COMMAND: POST /session/43e87b72476329c75b982336ff55d726/element - {"using":"xpath","value":"//div[@class=\"cpc-cart-total\"]/h2//b[contains(text(), \"Total Estimated Cost\")]"}
RESULT: {"using":"xpath","value":"//div[@class=\"cpc-cart-total\"]/h2//b[contains(text(), \"Total Estimated Cost\")]"}
COMMAND: POST /session/43e87b72476329c75b982336ff55d726/elements - {"using":"xpath","value":"//div[@class=\"cpc-cart-total\"]/h2//b[contains(text(), \"Total Estimated Cost\")]"}
RESULT: {"using":"xpath","value":"//div[@class=\"cpc-cart-total\"]/h2//b[contains(text(), \"Total Estimated Cost\")]"}
COMMAND: GET /session/43e87b72476329c75b982336ff55d726/element/f.55D6BD95E6FDA1719A6493886DBB82D7.d.2F6D2C5DA0364013B39C2BD83FEC0627.e.389/text - {}
RESULT: {}
COMMAND: POST /session/43e87b72476329c75b982336ff55d726/element - {"using":"xpath","value":"//button[@id='Email Estimate']"}
RESULT: {"using":"xpath","value":"//button[@id='Email Estimate']"}
COMMAND: POST /session/43e87b72476329c75b982336ff55d726/execute/sync - {"script":"return (function isElementDisplayed(element) {\n    function nodeIsElement(node) {\n        if (!node) {\n            return false;\n        }\n        switch (node.nodeType) {\n            case Node.ELEMEN ... (8289 more bytes)","args":[{"element-6066-11e4-a52e-4f735466cecf":"f.55D6BD95E6FDA1719A6493886DBB82D7.d.2F6D2C5DA0364013B39C2BD83FEC0627.e.380","ELEMENT":"f.55D6BD95E6FDA1719A6493886DBB82D7.d.2F6D2C5DA0364013B39C2BD83FEC0627.e.380"}]}
RESULT: {"script":"return (function isElementDisplayed(element) {\n    function nodeIsElement(node) {\n        if (!node) {\n            return false;\n        }\n        switch (node.nodeType) {\n            case Node.ELEMEN ... (8289 more bytes)","args":[{"element-6066-11e4-a52e-4f735466cecf":"f.55D6BD95E6FDA1719A6493886DBB82D7.d.2F6D2C5DA0364013B39C2BD83FEC0627.e.380","ELEMENT":"f.55D6BD95E6FDA1719A6493886DBB82D7.d.2F6D2C5DA0364013B39C2BD83FEC0627.e.380"}]}
COMMAND: POST /session/43e87b72476329c75b982336ff55d726/execute/sync - {"script":"return (function isElementClickable(elem) {\n    if (!elem.getBoundingClientRect || !elem.scrollIntoView || !elem.contains || !elem.getClientRects || !document.elementFromPoint) {\n        return false; ... (5343 more bytes)","args":[{"element-6066-11e4-a52e-4f735466cecf":"f.55D6BD95E6FDA1719A6493886DBB82D7.d.2F6D2C5DA0364013B39C2BD83FEC0627.e.380","ELEMENT":"f.55D6BD95E6FDA1719A6493886DBB82D7.d.2F6D2C5DA0364013B39C2BD83FEC0627.e.380"}]}
RESULT: {"script":"return (function isElementClickable(elem) {\n    if (!elem.getBoundingClientRect || !elem.scrollIntoView || !elem.contains || !elem.getClientRects || !document.elementFromPoint) {\n        return false; ... (5343 more bytes)","args":[{"element-6066-11e4-a52e-4f735466cecf":"f.55D6BD95E6FDA1719A6493886DBB82D7.d.2F6D2C5DA0364013B39C2BD83FEC0627.e.380","ELEMENT":"f.55D6BD95E6FDA1719A6493886DBB82D7.d.2F6D2C5DA0364013B39C2BD83FEC0627.e.380"}]}
COMMAND: POST /session/43e87b72476329c75b982336ff55d726/element/f.55D6BD95E6FDA1719A6493886DBB82D7.d.2F6D2C5DA0364013B39C2BD83FEC0627.e.380/click - {}
RESULT: {}
COMMAND: GET /session/43e87b72476329c75b982336ff55d726/window/handles - {}
RESULT: {}
COMMAND: POST /session/43e87b72476329c75b982336ff55d726/execute/sync - {"script":"return (function newWindow(url, windowName, windowFeatures) {\n    window.open(url, windowName || '', windowFeatures || '');\n}).apply(null, arguments)","args":["https://yopmail.com/","",""]}
RESULT: {"script":"return (function newWindow(url, windowName, windowFeatures) {\n    window.open(url, windowName || '', windowFeatures || '');\n}).apply(null, arguments)","args":["https://yopmail.com/","",""]}
COMMAND: GET /session/43e87b72476329c75b982336ff55d726/window/handles - {}
RESULT: {}
COMMAND: GET /session/43e87b72476329c75b982336ff55d726/window/handles - {}
RESULT: {}
COMMAND: POST /session/43e87b72476329c75b982336ff55d726/window - {"handle":"E6EB86AD710C575E5DA0BBDAD080CE58"}
RESULT: {"handle":"E6EB86AD710C575E5DA0BBDAD080CE58"}
COMMAND: POST /session/43e87b72476329c75b982336ff55d726/element - {"using":"css selector","value":"body"}
RESULT: {"using":"css selector","value":"body"}
COMMAND: POST /session/43e87b72476329c75b982336ff55d726/actions - {"actions":[{"id":"action2","type":"pointer","parameters":{"pointerType":"mouse"},"actions":[{"type":"pointerMove","button":0,"width":0,"height":0,"pressure":0,"tangentialPressure":0,"tiltX":0,"tiltY":0,"twist":0,"altitudeAngle":0,"_":"5 more keys: [\"azimuthAngle\",\"x\",\"y\",\"duration\",\"origin\"]"},{"type":"pointerDown","button":0,"width":0,"height":0,"pressure":0,"tangentialPressure":0,"tiltX":0,"tiltY":0,"twist":0,"altitudeAngle":0,"_":"1 more keys: [\"azimuthAngle\"]"},{"type":"pointerUp","button":0},{"type":"pause","duration":10},{"type":"pointerDown","button":0,"width":0,"height":0,"pressure":0,"tangentialPressure":0,"tiltX":0,"tiltY":0,"twist":0,"altitudeAngle":0,"_":"1 more keys: [\"azimuthAngle\"]"},{"type":"pointerUp","button":0}]}]}
RESULT: {"actions":[{"id":"action2","type":"pointer","parameters":{"pointerType":"mouse"},"actions":[{"type":"pointerMove","button":0,"width":0,"height":0,"pressure":0,"tangentialPressure":0,"tiltX":0,"tiltY":0,"twist":0,"altitudeAngle":0,"_":"5 more keys: [\"azimuthAngle\",\"x\",\"y\",\"duration\",\"origin\"]"},{"type":"pointerDown","button":0,"width":0,"height":0,"pressure":0,"tangentialPressure":0,"tiltX":0,"tiltY":0,"twist":0,"altitudeAngle":0,"_":"1 more keys: [\"azimuthAngle\"]"},{"type":"pointerUp","button":0},{"type":"pause","duration":10},{"type":"pointerDown","button":0,"width":0,"height":0,"pressure":0,"tangentialPressure":0,"tiltX":0,"tiltY":0,"twist":0,"altitudeAngle":0,"_":"1 more keys: [\"azimuthAngle\"]"},{"type":"pointerUp","button":0}]}]}
COMMAND: DELETE /session/43e87b72476329c75b982336ff55d726/actions - {}
RESULT: {}
COMMAND: POST /session/43e87b72476329c75b982336ff55d726/element - {"using":"xpath","value":"//h3[normalize-space()='Random Email generator']"}
RESULT: {"using":"xpath","value":"//h3[normalize-space()='Random Email generator']"}
COMMAND: POST /session/43e87b72476329c75b982336ff55d726/execute/sync - {"script":"return (function isElementDisplayed(element) {\n    function nodeIsElement(node) {\n        if (!node) {\n            return false;\n        }\n        switch (node.nodeType) {\n            case Node.ELEMEN ... (8289 more bytes)","args":[{"element-6066-11e4-a52e-4f735466cecf":"f.E6EB86AD710C575E5DA0BBDAD080CE58.d.5F1F453363BF04E318F46A40BF4E31DE.e.26","ELEMENT":"f.E6EB86AD710C575E5DA0BBDAD080CE58.d.5F1F453363BF04E318F46A40BF4E31DE.e.26"}]}
RESULT: {"script":"return (function isElementDisplayed(element) {\n    function nodeIsElement(node) {\n        if (!node) {\n            return false;\n        }\n        switch (node.nodeType) {\n            case Node.ELEMEN ... (8289 more bytes)","args":[{"element-6066-11e4-a52e-4f735466cecf":"f.E6EB86AD710C575E5DA0BBDAD080CE58.d.5F1F453363BF04E318F46A40BF4E31DE.e.26","ELEMENT":"f.E6EB86AD710C575E5DA0BBDAD080CE58.d.5F1F453363BF04E318F46A40BF4E31DE.e.26"}]}
COMMAND: POST /session/43e87b72476329c75b982336ff55d726/execute/sync - {"script":"return (function isElementClickable(elem) {\n    if (!elem.getBoundingClientRect || !elem.scrollIntoView || !elem.contains || !elem.getClientRects || !document.elementFromPoint) {\n        return false; ... (5343 more bytes)","args":[{"element-6066-11e4-a52e-4f735466cecf":"f.E6EB86AD710C575E5DA0BBDAD080CE58.d.5F1F453363BF04E318F46A40BF4E31DE.e.26","ELEMENT":"f.E6EB86AD710C575E5DA0BBDAD080CE58.d.5F1F453363BF04E318F46A40BF4E31DE.e.26"}]}
RESULT: {"script":"return (function isElementClickable(elem) {\n    if (!elem.getBoundingClientRect || !elem.scrollIntoView || !elem.contains || !elem.getClientRects || !document.elementFromPoint) {\n        return false; ... (5343 more bytes)","args":[{"element-6066-11e4-a52e-4f735466cecf":"f.E6EB86AD710C575E5DA0BBDAD080CE58.d.5F1F453363BF04E318F46A40BF4E31DE.e.26","ELEMENT":"f.E6EB86AD710C575E5DA0BBDAD080CE58.d.5F1F453363BF04E318F46A40BF4E31DE.e.26"}]}
COMMAND: POST /session/43e87b72476329c75b982336ff55d726/element/f.E6EB86AD710C575E5DA0BBDAD080CE58.d.5F1F453363BF04E318F46A40BF4E31DE.e.26/click - {}
RESULT: {}
COMMAND: POST /session/43e87b72476329c75b982336ff55d726/element - {"using":"xpath","value":"//span[@class='notmobile'][normalize-space()='Copy to clipboard']"}
RESULT: {"using":"xpath","value":"//span[@class='notmobile'][normalize-space()='Copy to clipboard']"}
COMMAND: POST /session/43e87b72476329c75b982336ff55d726/element - {"using":"xpath","value":"//span[@class='notmobile'][normalize-space()='Copy to clipboard']"}
RESULT: {"using":"xpath","value":"//span[@class='notmobile'][normalize-space()='Copy to clipboard']"}
COMMAND: POST /session/43e87b72476329c75b982336ff55d726/element - {"using":"xpath","value":"//span[@class='notmobile'][normalize-space()='Copy to clipboard']"}
RESULT: {"using":"xpath","value":"//span[@class='notmobile'][normalize-space()='Copy to clipboard']"}
COMMAND: POST /session/43e87b72476329c75b982336ff55d726/element - {"using":"xpath","value":"//span[@class='notmobile'][normalize-space()='Copy to clipboard']"}
RESULT: {"using":"xpath","value":"//span[@class='notmobile'][normalize-space()='Copy to clipboard']"}
COMMAND: POST /session/43e87b72476329c75b982336ff55d726/element - {"using":"xpath","value":"//span[@class='notmobile'][normalize-space()='Copy to clipboard']"}
RESULT: {"using":"xpath","value":"//span[@class='notmobile'][normalize-space()='Copy to clipboard']"}
COMMAND: POST /session/43e87b72476329c75b982336ff55d726/element - {"using":"xpath","value":"//span[@class='notmobile'][normalize-space()='Copy to clipboard']"}
RESULT: {"using":"xpath","value":"//span[@class='notmobile'][normalize-space()='Copy to clipboard']"}
COMMAND: POST /session/43e87b72476329c75b982336ff55d726/element - {"using":"xpath","value":"//span[@class='notmobile'][normalize-space()='Copy to clipboard']"}
RESULT: {"using":"xpath","value":"//span[@class='notmobile'][normalize-space()='Copy to clipboard']"}
COMMAND: POST /session/43e87b72476329c75b982336ff55d726/element - {"using":"xpath","value":"//span[@class='notmobile'][normalize-space()='Copy to clipboard']"}
RESULT: {"using":"xpath","value":"//span[@class='notmobile'][normalize-space()='Copy to clipboard']"}
COMMAND: POST /session/43e87b72476329c75b982336ff55d726/execute/sync - {"script":"return (function isElementDisplayed(element) {\n    function nodeIsElement(node) {\n        if (!node) {\n            return false;\n        }\n        switch (node.nodeType) {\n            case Node.ELEMEN ... (8289 more bytes)","args":[{"element-6066-11e4-a52e-4f735466cecf":"f.E6EB86AD710C575E5DA0BBDAD080CE58.d.60AB7E2009A56548AF03E510082FC154.e.39","ELEMENT":"f.E6EB86AD710C575E5DA0BBDAD080CE58.d.60AB7E2009A56548AF03E510082FC154.e.39"}]}
RESULT: {"script":"return (function isElementDisplayed(element) {\n    function nodeIsElement(node) {\n        if (!node) {\n            return false;\n        }\n        switch (node.nodeType) {\n            case Node.ELEMEN ... (8289 more bytes)","args":[{"element-6066-11e4-a52e-4f735466cecf":"f.E6EB86AD710C575E5DA0BBDAD080CE58.d.60AB7E2009A56548AF03E510082FC154.e.39","ELEMENT":"f.E6EB86AD710C575E5DA0BBDAD080CE58.d.60AB7E2009A56548AF03E510082FC154.e.39"}]}
COMMAND: POST /session/43e87b72476329c75b982336ff55d726/execute/sync - {"script":"return (function isElementClickable(elem) {\n    if (!elem.getBoundingClientRect || !elem.scrollIntoView || !elem.contains || !elem.getClientRects || !document.elementFromPoint) {\n        return false; ... (5343 more bytes)","args":[{"element-6066-11e4-a52e-4f735466cecf":"f.E6EB86AD710C575E5DA0BBDAD080CE58.d.60AB7E2009A56548AF03E510082FC154.e.39","ELEMENT":"f.E6EB86AD710C575E5DA0BBDAD080CE58.d.60AB7E2009A56548AF03E510082FC154.e.39"}]}
RESULT: {"script":"return (function isElementClickable(elem) {\n    if (!elem.getBoundingClientRect || !elem.scrollIntoView || !elem.contains || !elem.getClientRects || !document.elementFromPoint) {\n        return false; ... (5343 more bytes)","args":[{"element-6066-11e4-a52e-4f735466cecf":"f.E6EB86AD710C575E5DA0BBDAD080CE58.d.60AB7E2009A56548AF03E510082FC154.e.39","ELEMENT":"f.E6EB86AD710C575E5DA0BBDAD080CE58.d.60AB7E2009A56548AF03E510082FC154.e.39"}]}
COMMAND: POST /session/43e87b72476329c75b982336ff55d726/element/f.E6EB86AD710C575E5DA0BBDAD080CE58.d.60AB7E2009A56548AF03E510082FC154.e.39/click - {}
RESULT: {}
COMMAND: GET /session/43e87b72476329c75b982336ff55d726/window/handles - {}
RESULT: {}
COMMAND: POST /session/43e87b72476329c75b982336ff55d726/window - {"handle":"6E4DD69239C9EFF5984D0E4F04F025D7"}
RESULT: {"handle":"6E4DD69239C9EFF5984D0E4F04F025D7"}
COMMAND: GET /session/43e87b72476329c75b982336ff55d726/url - {}
RESULT: {}
COMMAND: POST /session/43e87b72476329c75b982336ff55d726/elements - {"using":"css selector","value":"iframe"}
RESULT: {"using":"css selector","value":"iframe"}
COMMAND: POST /session/43e87b72476329c75b982336ff55d726/frame - {"id":{"element-6066-11e4-a52e-4f735466cecf":"f.6E4DD69239C9EFF5984D0E4F04F025D7.d.8B950E53BC666C353EC79D09503DADF5.e.63"}}
RESULT: {"id":{"element-6066-11e4-a52e-4f735466cecf":"f.6E4DD69239C9EFF5984D0E4F04F025D7.d.8B950E53BC666C353EC79D09503DADF5.e.63"}}
COMMAND: POST /session/43e87b72476329c75b982336ff55d726/elements - {"using":"css selector","value":"iframe"}
RESULT: {"using":"css selector","value":"iframe"}
COMMAND: POST /session/43e87b72476329c75b982336ff55d726/frame - {"id":{"element-6066-11e4-a52e-4f735466cecf":"f.5ECA3FE3F9C83A8F8C5415E3F3007998.d.44DC645CF84F5FEBBF1BAB43D76DE741.e.3"}}
RESULT: {"id":{"element-6066-11e4-a52e-4f735466cecf":"f.5ECA3FE3F9C83A8F8C5415E3F3007998.d.44DC645CF84F5FEBBF1BAB43D76DE741.e.3"}}
COMMAND: POST /session/43e87b72476329c75b982336ff55d726/element - {"using":"xpath","value":"//input[@id='input_620']"}
RESULT: {"using":"xpath","value":"//input[@id='input_620']"}
COMMAND: POST /session/43e87b72476329c75b982336ff55d726/execute/sync - {"script":"return (function isElementDisplayed(element) {\n    function nodeIsElement(node) {\n        if (!node) {\n            return false;\n        }\n        switch (node.nodeType) {\n            case Node.ELEMEN ... (8289 more bytes)","args":[{"element-6066-11e4-a52e-4f735466cecf":"f.55D6BD95E6FDA1719A6493886DBB82D7.d.2F6D2C5DA0364013B39C2BD83FEC0627.e.393","ELEMENT":"f.55D6BD95E6FDA1719A6493886DBB82D7.d.2F6D2C5DA0364013B39C2BD83FEC0627.e.393"}]}
RESULT: {"script":"return (function isElementDisplayed(element) {\n    function nodeIsElement(node) {\n        if (!node) {\n            return false;\n        }\n        switch (node.nodeType) {\n            case Node.ELEMEN ... (8289 more bytes)","args":[{"element-6066-11e4-a52e-4f735466cecf":"f.55D6BD95E6FDA1719A6493886DBB82D7.d.2F6D2C5DA0364013B39C2BD83FEC0627.e.393","ELEMENT":"f.55D6BD95E6FDA1719A6493886DBB82D7.d.2F6D2C5DA0364013B39C2BD83FEC0627.e.393"}]}
COMMAND: POST /session/43e87b72476329c75b982336ff55d726/execute/sync - {"script":"return (function isElementClickable(elem) {\n    if (!elem.getBoundingClientRect || !elem.scrollIntoView || !elem.contains || !elem.getClientRects || !document.elementFromPoint) {\n        return false; ... (5343 more bytes)","args":[{"element-6066-11e4-a52e-4f735466cecf":"f.55D6BD95E6FDA1719A6493886DBB82D7.d.2F6D2C5DA0364013B39C2BD83FEC0627.e.393","ELEMENT":"f.55D6BD95E6FDA1719A6493886DBB82D7.d.2F6D2C5DA0364013B39C2BD83FEC0627.e.393"}]}
RESULT: {"script":"return (function isElementClickable(elem) {\n    if (!elem.getBoundingClientRect || !elem.scrollIntoView || !elem.contains || !elem.getClientRects || !document.elementFromPoint) {\n        return false; ... (5343 more bytes)","args":[{"element-6066-11e4-a52e-4f735466cecf":"f.55D6BD95E6FDA1719A6493886DBB82D7.d.2F6D2C5DA0364013B39C2BD83FEC0627.e.393","ELEMENT":"f.55D6BD95E6FDA1719A6493886DBB82D7.d.2F6D2C5DA0364013B39C2BD83FEC0627.e.393"}]}
COMMAND: POST /session/43e87b72476329c75b982336ff55d726/element/f.55D6BD95E6FDA1719A6493886DBB82D7.d.2F6D2C5DA0364013B39C2BD83FEC0627.e.393/click - {}
RESULT: {}
COMMAND: POST /session/43e87b72476329c75b982336ff55d726/actions - {"actions":[{"id":"action3","type":"key","parameters":{},"actions":[{"type":"keyDown","value":""},{"type":"keyDown","value":"v"},{"type":"keyDown","value":""},{"type":"pause","duration":10},{"type":"keyUp","value":""},{"type":"keyUp","value":"v"},{"type":"keyUp","value":""}]}]}
RESULT: {"actions":[{"id":"action3","type":"key","parameters":{},"actions":[{"type":"keyDown","value":""},{"type":"keyDown","value":"v"},{"type":"keyDown","value":""},{"type":"pause","duration":10},{"type":"keyUp","value":""},{"type":"keyUp","value":"v"},{"type":"keyUp","value":""}]}]}
COMMAND: POST /session/43e87b72476329c75b982336ff55d726/element - {"using":"xpath","value":"//button[normalize-space()='Send Email']"}
RESULT: {"using":"xpath","value":"//button[normalize-space()='Send Email']"}
COMMAND: POST /session/43e87b72476329c75b982336ff55d726/execute/sync - {"script":"return (function isElementDisplayed(element) {\n    function nodeIsElement(node) {\n        if (!node) {\n            return false;\n        }\n        switch (node.nodeType) {\n            case Node.ELEMEN ... (8289 more bytes)","args":[{"element-6066-11e4-a52e-4f735466cecf":"f.55D6BD95E6FDA1719A6493886DBB82D7.d.2F6D2C5DA0364013B39C2BD83FEC0627.e.402","ELEMENT":"f.55D6BD95E6FDA1719A6493886DBB82D7.d.2F6D2C5DA0364013B39C2BD83FEC0627.e.402"}]}
RESULT: {"script":"return (function isElementDisplayed(element) {\n    function nodeIsElement(node) {\n        if (!node) {\n            return false;\n        }\n        switch (node.nodeType) {\n            case Node.ELEMEN ... (8289 more bytes)","args":[{"element-6066-11e4-a52e-4f735466cecf":"f.55D6BD95E6FDA1719A6493886DBB82D7.d.2F6D2C5DA0364013B39C2BD83FEC0627.e.402","ELEMENT":"f.55D6BD95E6FDA1719A6493886DBB82D7.d.2F6D2C5DA0364013B39C2BD83FEC0627.e.402"}]}
COMMAND: POST /session/43e87b72476329c75b982336ff55d726/execute/sync - {"script":"return (function isElementClickable(elem) {\n    if (!elem.getBoundingClientRect || !elem.scrollIntoView || !elem.contains || !elem.getClientRects || !document.elementFromPoint) {\n        return false; ... (5343 more bytes)","args":[{"element-6066-11e4-a52e-4f735466cecf":"f.55D6BD95E6FDA1719A6493886DBB82D7.d.2F6D2C5DA0364013B39C2BD83FEC0627.e.402","ELEMENT":"f.55D6BD95E6FDA1719A6493886DBB82D7.d.2F6D2C5DA0364013B39C2BD83FEC0627.e.402"}]}
RESULT: {"script":"return (function isElementClickable(elem) {\n    if (!elem.getBoundingClientRect || !elem.scrollIntoView || !elem.contains || !elem.getClientRects || !document.elementFromPoint) {\n        return false; ... (5343 more bytes)","args":[{"element-6066-11e4-a52e-4f735466cecf":"f.55D6BD95E6FDA1719A6493886DBB82D7.d.2F6D2C5DA0364013B39C2BD83FEC0627.e.402","ELEMENT":"f.55D6BD95E6FDA1719A6493886DBB82D7.d.2F6D2C5DA0364013B39C2BD83FEC0627.e.402"}]}
COMMAND: POST /session/43e87b72476329c75b982336ff55d726/element/f.55D6BD95E6FDA1719A6493886DBB82D7.d.2F6D2C5DA0364013B39C2BD83FEC0627.e.402/click - {}
RESULT: {}
COMMAND: GET /session/43e87b72476329c75b982336ff55d726/window/handles - {}
RESULT: {}
COMMAND: POST /session/43e87b72476329c75b982336ff55d726/window - {"handle":"6E4DD69239C9EFF5984D0E4F04F025D7"}
RESULT: {"handle":"6E4DD69239C9EFF5984D0E4F04F025D7"}
COMMAND: GET /session/43e87b72476329c75b982336ff55d726/url - {}
RESULT: {}
COMMAND: GET /session/43e87b72476329c75b982336ff55d726/title - {}
RESULT: {}
COMMAND: POST /session/43e87b72476329c75b982336ff55d726/execute/sync - {"script":"return (() => window.name).apply(null, arguments)","args":[]}
RESULT: {"script":"return (() => window.name).apply(null, arguments)","args":[]}
COMMAND: POST /session/43e87b72476329c75b982336ff55d726/window - {"handle":"E6EB86AD710C575E5DA0BBDAD080CE58"}
RESULT: {"handle":"E6EB86AD710C575E5DA0BBDAD080CE58"}
COMMAND: GET /session/43e87b72476329c75b982336ff55d726/url - {}
RESULT: {}
COMMAND: POST /session/43e87b72476329c75b982336ff55d726/element - {"using":"xpath","value":"//span[normalize-space()='Check Inbox']"}
RESULT: {"using":"xpath","value":"//span[normalize-space()='Check Inbox']"}
COMMAND: POST /session/43e87b72476329c75b982336ff55d726/execute/sync - {"script":"return (function isElementDisplayed(element) {\n    function nodeIsElement(node) {\n        if (!node) {\n            return false;\n        }\n        switch (node.nodeType) {\n            case Node.ELEMEN ... (8289 more bytes)","args":[{"element-6066-11e4-a52e-4f735466cecf":"f.E6EB86AD710C575E5DA0BBDAD080CE58.d.60AB7E2009A56548AF03E510082FC154.e.42","ELEMENT":"f.E6EB86AD710C575E5DA0BBDAD080CE58.d.60AB7E2009A56548AF03E510082FC154.e.42"}]}
RESULT: {"script":"return (function isElementDisplayed(element) {\n    function nodeIsElement(node) {\n        if (!node) {\n            return false;\n        }\n        switch (node.nodeType) {\n            case Node.ELEMEN ... (8289 more bytes)","args":[{"element-6066-11e4-a52e-4f735466cecf":"f.E6EB86AD710C575E5DA0BBDAD080CE58.d.60AB7E2009A56548AF03E510082FC154.e.42","ELEMENT":"f.E6EB86AD710C575E5DA0BBDAD080CE58.d.60AB7E2009A56548AF03E510082FC154.e.42"}]}
COMMAND: POST /session/43e87b72476329c75b982336ff55d726/execute/sync - {"script":"return (function isElementClickable(elem) {\n    if (!elem.getBoundingClientRect || !elem.scrollIntoView || !elem.contains || !elem.getClientRects || !document.elementFromPoint) {\n        return false; ... (5343 more bytes)","args":[{"element-6066-11e4-a52e-4f735466cecf":"f.E6EB86AD710C575E5DA0BBDAD080CE58.d.60AB7E2009A56548AF03E510082FC154.e.42","ELEMENT":"f.E6EB86AD710C575E5DA0BBDAD080CE58.d.60AB7E2009A56548AF03E510082FC154.e.42"}]}
RESULT: {"script":"return (function isElementClickable(elem) {\n    if (!elem.getBoundingClientRect || !elem.scrollIntoView || !elem.contains || !elem.getClientRects || !document.elementFromPoint) {\n        return false; ... (5343 more bytes)","args":[{"element-6066-11e4-a52e-4f735466cecf":"f.E6EB86AD710C575E5DA0BBDAD080CE58.d.60AB7E2009A56548AF03E510082FC154.e.42","ELEMENT":"f.E6EB86AD710C575E5DA0BBDAD080CE58.d.60AB7E2009A56548AF03E510082FC154.e.42"}]}
COMMAND: POST /session/43e87b72476329c75b982336ff55d726/element/f.E6EB86AD710C575E5DA0BBDAD080CE58.d.60AB7E2009A56548AF03E510082FC154.e.42/click - {}
RESULT: {}
COMMAND: POST /session/43e87b72476329c75b982336ff55d726/element - {"using":"css selector","value":"#ifmail"}
RESULT: {"using":"css selector","value":"#ifmail"}
COMMAND: POST /session/43e87b72476329c75b982336ff55d726/elements - {"using":"css selector","value":"#ifmail"}
RESULT: {"using":"css selector","value":"#ifmail"}
COMMAND: POST /session/43e87b72476329c75b982336ff55d726/frame - {"id":{"sessionId":"43e87b72476329c75b982336ff55d726","elementId":"f.E6EB86AD710C575E5DA0BBDAD080CE58.d.1FE685EE8ABF83578DF42F3C72DEA748.e.64","element-6066-11e4-a52e-4f735466cecf":"f.E6EB86AD710C575E5DA0BBDAD080CE58.d.1FE685EE8ABF83578DF42F3C72DEA748.e.64","selector":"#ifmail","parent":{"capabilities":{"acceptInsecureCerts":false,"browserName":"chrome","browserVersion":"123.0.6312.107","chrome":{"chromedriverVersion":"123.0.6312.122 (31f8248cdd90acbac59f700b603fed0b5967ca50-refs/branch-heads/6312@{#824})","userDataDir":"C:\\Users\\vaheo\\AppData\\Local\\Temp\\scoped_dir13824_1204136360"},"fedcm:accounts":true,"goog:chromeOptions":{"debuggerAddress":"localhost:53478"},"networkConnectionEnabled":false,"pageLoadStrategy":"normal","platformName":"windows","proxy":{},"_":"10 more keys: [\"setWindowRect\",\"strictFileInteractability\",\"timeouts\",\"unhandledPromptBehavior\",\"webauthn:extension:credBlob\",\"webauthn:extension:largeBlob\",\"webauthn:extension:minPinLength\",\"webauthn:extension:prf\",\"webauthn:virtualAuthenticators\",\"wdio:driverPID\"]"}},"isReactElement":false,"isShadowElement":false}}
RESULT: {"id":{"sessionId":"43e87b72476329c75b982336ff55d726","elementId":"f.E6EB86AD710C575E5DA0BBDAD080CE58.d.1FE685EE8ABF83578DF42F3C72DEA748.e.64","element-6066-11e4-a52e-4f735466cecf":"f.E6EB86AD710C575E5DA0BBDAD080CE58.d.1FE685EE8ABF83578DF42F3C72DEA748.e.64","selector":"#ifmail","parent":{"capabilities":{"acceptInsecureCerts":false,"browserName":"chrome","browserVersion":"123.0.6312.107","chrome":{"chromedriverVersion":"123.0.6312.122 (31f8248cdd90acbac59f700b603fed0b5967ca50-refs/branch-heads/6312@{#824})","userDataDir":"C:\\Users\\vaheo\\AppData\\Local\\Temp\\scoped_dir13824_1204136360"},"fedcm:accounts":true,"goog:chromeOptions":{"debuggerAddress":"localhost:53478"},"networkConnectionEnabled":false,"pageLoadStrategy":"normal","platformName":"windows","proxy":{},"_":"10 more keys: [\"setWindowRect\",\"strictFileInteractability\",\"timeouts\",\"unhandledPromptBehavior\",\"webauthn:extension:credBlob\",\"webauthn:extension:largeBlob\",\"webauthn:extension:minPinLength\",\"webauthn:extension:prf\",\"webauthn:virtualAuthenticators\",\"wdio:driverPID\"]"}},"isReactElement":false,"isShadowElement":false}}
COMMAND: POST /session/43e87b72476329c75b982336ff55d726/element - {"using":"css selector","value":"tbody tr td:nth-child(4)"}
RESULT: {"using":"css selector","value":"tbody tr td:nth-child(4)"}
COMMAND: POST /session/43e87b72476329c75b982336ff55d726/elements - {"using":"css selector","value":"tbody tr td:nth-child(4)"}
COMMAND: GET /session/43e87b72476329c75b982336ff55d726/element/f.6198C6D0CFB5C8BFC6E0F441C402CF04.d.1B817B9870D362FE3D90E775A333F377.e.65/text - {}
RESULT: {}
RESULT: {"using":"css selector","value":"tbody tr td:nth-child(4)"}
COMMAND: DELETE /session/43e87b72476329c75b982336ff55d726 - {}
RESULT: {}
]]></system-out>
    </testcase>
  </testsuite>
</testsuites>