<?xml version="1.0" encoding="UTF-8"?>
<testsuites tests="1" failures="0" errors="0" skipped="0">
  <testsuite name="web driver io task 3" timestamp="2024-04-14T17:33:53" time="25.666" tests="1" failures="0" errors="0" skipped="0">
    <properties>
      <property name="specId" value="0"/>
      <property name="suiteName" value="web driver io task 3"/>
      <property name="capabilities" value="chrome.123_0_6312_107.windows"/>
      <property name="file" value="file:///C:/Users/vaheo/Desktop/EPAM_QA/Automation/wdio_3/src/tests/task3.tests.js"/>
    </properties>
    <testcase classname="chrome.123_0_6312_107.windows.web_driver_io_task_3" name="calculating the estimate" time="25.664">
      <system-out><![CDATA[
COMMAND: POST /session/6f673a1d5c9fbcf51f28cf3ae49a4f61/url - {"url":"https://cloud.google.com/"}
RESULT: {"url":"https://cloud.google.com/"}
COMMAND: POST /session/6f673a1d5c9fbcf51f28cf3ae49a4f61/element - {"using":"css selector","value":".YSM5S"}
RESULT: {"using":"css selector","value":".YSM5S"}
COMMAND: POST /session/6f673a1d5c9fbcf51f28cf3ae49a4f61/element/f.B55E2AA223D515A30FD68CF46BC8EF40.d.083FCC9FC64DECAA51AB910B95480FCE.e.36/click - {}
RESULT: {}
COMMAND: POST /session/6f673a1d5c9fbcf51f28cf3ae49a4f61/element - {"using":"css selector","value":"input[class='qdOxv-fmcmS-wGMbrd']"}
RESULT: {"using":"css selector","value":"input[class='qdOxv-fmcmS-wGMbrd']"}
COMMAND: POST /session/6f673a1d5c9fbcf51f28cf3ae49a4f61/element/f.B55E2AA223D515A30FD68CF46BC8EF40.d.083FCC9FC64DECAA51AB910B95480FCE.e.9/clear - {}
RESULT: {}
COMMAND: POST /session/6f673a1d5c9fbcf51f28cf3ae49a4f61/element/f.B55E2AA223D515A30FD68CF46BC8EF40.d.083FCC9FC64DECAA51AB910B95480FCE.e.9/value - {"text":"Google Cloud Platform Pricing Calculator"}
RESULT: {"text":"Google Cloud Platform Pricing Calculator"}
COMMAND: POST /session/6f673a1d5c9fbcf51f28cf3ae49a4f61/actions - {"actions":[{"id":"action1","type":"key","parameters":{},"actions":[{"type":"keyDown","value":""},{"type":"pause","duration":10},{"type":"keyUp","value":""}]}]}
RESULT: {"actions":[{"id":"action1","type":"key","parameters":{},"actions":[{"type":"keyDown","value":""},{"type":"pause","duration":10},{"type":"keyUp","value":""}]}]}
COMMAND: POST /session/6f673a1d5c9fbcf51f28cf3ae49a4f61/url - {"url":"https://cloud.google.com/products/calculator-legacy?hl=es-419"}
RESULT: {"url":"https://cloud.google.com/products/calculator-legacy?hl=es-419"}
COMMAND: POST /session/6f673a1d5c9fbcf51f28cf3ae49a4f61/element - {"using":"css selector","value":"devsite-iframe iframe"}
RESULT: {"using":"css selector","value":"devsite-iframe iframe"}
COMMAND: POST /session/6f673a1d5c9fbcf51f28cf3ae49a4f61/elements - {"using":"css selector","value":"devsite-iframe iframe"}
RESULT: {"using":"css selector","value":"devsite-iframe iframe"}
COMMAND: POST /session/6f673a1d5c9fbcf51f28cf3ae49a4f61/frame - {"id":{"sessionId":"6f673a1d5c9fbcf51f28cf3ae49a4f61","elementId":"f.B55E2AA223D515A30FD68CF46BC8EF40.d.A5ADDD1285805392D97A12EE8334348A.e.62","element-6066-11e4-a52e-4f735466cecf":"f.B55E2AA223D515A30FD68CF46BC8EF40.d.A5ADDD1285805392D97A12EE8334348A.e.62","selector":"devsite-iframe iframe","parent":{"capabilities":{"acceptInsecureCerts":false,"browserName":"chrome","browserVersion":"123.0.6312.107","chrome":{"chromedriverVersion":"123.0.6312.122 (31f8248cdd90acbac59f700b603fed0b5967ca50-refs/branch-heads/6312@{#824})","userDataDir":"C:\\Users\\vaheo\\AppData\\Local\\Temp\\scoped_dir3420_1405792231"},"fedcm:accounts":true,"goog:chromeOptions":{"debuggerAddress":"localhost:51096"},"networkConnectionEnabled":false,"pageLoadStrategy":"normal","platformName":"windows","proxy":{},"_":"10 more keys: [\"setWindowRect\",\"strictFileInteractability\",\"timeouts\",\"unhandledPromptBehavior\",\"webauthn:extension:credBlob\",\"webauthn:extension:largeBlob\",\"webauthn:extension:minPinLength\",\"webauthn:extension:prf\",\"webauthn:virtualAuthenticators\",\"wdio:driverPID\"]"}},"isReactElement":false,"isShadowElement":false}}
RESULT: {"id":{"sessionId":"6f673a1d5c9fbcf51f28cf3ae49a4f61","elementId":"f.B55E2AA223D515A30FD68CF46BC8EF40.d.A5ADDD1285805392D97A12EE8334348A.e.62","element-6066-11e4-a52e-4f735466cecf":"f.B55E2AA223D515A30FD68CF46BC8EF40.d.A5ADDD1285805392D97A12EE8334348A.e.62","selector":"devsite-iframe iframe","parent":{"capabilities":{"acceptInsecureCerts":false,"browserName":"chrome","browserVersion":"123.0.6312.107","chrome":{"chromedriverVersion":"123.0.6312.122 (31f8248cdd90acbac59f700b603fed0b5967ca50-refs/branch-heads/6312@{#824})","userDataDir":"C:\\Users\\vaheo\\AppData\\Local\\Temp\\scoped_dir3420_1405792231"},"fedcm:accounts":true,"goog:chromeOptions":{"debuggerAddress":"localhost:51096"},"networkConnectionEnabled":false,"pageLoadStrategy":"normal","platformName":"windows","proxy":{},"_":"10 more keys: [\"setWindowRect\",\"strictFileInteractability\",\"timeouts\",\"unhandledPromptBehavior\",\"webauthn:extension:credBlob\",\"webauthn:extension:largeBlob\",\"webauthn:extension:minPinLength\",\"webauthn:extension:prf\",\"webauthn:virtualAuthenticators\",\"wdio:driverPID\"]"}},"isReactElement":false,"isShadowElement":false}}
COMMAND: POST /session/6f673a1d5c9fbcf51f28cf3ae49a4f61/element - {"using":"css selector","value":"#myFrame"}
RESULT: {"using":"css selector","value":"#myFrame"}
COMMAND: POST /session/6f673a1d5c9fbcf51f28cf3ae49a4f61/elements - {"using":"css selector","value":"#myFrame"}
RESULT: {"using":"css selector","value":"#myFrame"}
COMMAND: POST /session/6f673a1d5c9fbcf51f28cf3ae49a4f61/frame - {"id":{"sessionId":"6f673a1d5c9fbcf51f28cf3ae49a4f61","elementId":"f.C31C9CA7F544F17DB9A776BC0037D7C5.d.BF30A62BE3CD2C065615BADB29779931.e.3","element-6066-11e4-a52e-4f735466cecf":"f.C31C9CA7F544F17DB9A776BC0037D7C5.d.BF30A62BE3CD2C065615BADB29779931.e.3","selector":"#myFrame","parent":{"capabilities":{"acceptInsecureCerts":false,"browserName":"chrome","browserVersion":"123.0.6312.107","chrome":{"chromedriverVersion":"123.0.6312.122 (31f8248cdd90acbac59f700b603fed0b5967ca50-refs/branch-heads/6312@{#824})","userDataDir":"C:\\Users\\vaheo\\AppData\\Local\\Temp\\scoped_dir3420_1405792231"},"fedcm:accounts":true,"goog:chromeOptions":{"debuggerAddress":"localhost:51096"},"networkConnectionEnabled":false,"pageLoadStrategy":"normal","platformName":"windows","proxy":{},"_":"10 more keys: [\"setWindowRect\",\"strictFileInteractability\",\"timeouts\",\"unhandledPromptBehavior\",\"webauthn:extension:credBlob\",\"webauthn:extension:largeBlob\",\"webauthn:extension:minPinLength\",\"webauthn:extension:prf\",\"webauthn:virtualAuthenticators\",\"wdio:driverPID\"]"}},"isReactElement":false,"isShadowElement":false}}
RESULT: {"id":{"sessionId":"6f673a1d5c9fbcf51f28cf3ae49a4f61","elementId":"f.C31C9CA7F544F17DB9A776BC0037D7C5.d.BF30A62BE3CD2C065615BADB29779931.e.3","element-6066-11e4-a52e-4f735466cecf":"f.C31C9CA7F544F17DB9A776BC0037D7C5.d.BF30A62BE3CD2C065615BADB29779931.e.3","selector":"#myFrame","parent":{"capabilities":{"acceptInsecureCerts":false,"browserName":"chrome","browserVersion":"123.0.6312.107","chrome":{"chromedriverVersion":"123.0.6312.122 (31f8248cdd90acbac59f700b603fed0b5967ca50-refs/branch-heads/6312@{#824})","userDataDir":"C:\\Users\\vaheo\\AppData\\Local\\Temp\\scoped_dir3420_1405792231"},"fedcm:accounts":true,"goog:chromeOptions":{"debuggerAddress":"localhost:51096"},"networkConnectionEnabled":false,"pageLoadStrategy":"normal","platformName":"windows","proxy":{},"_":"10 more keys: [\"setWindowRect\",\"strictFileInteractability\",\"timeouts\",\"unhandledPromptBehavior\",\"webauthn:extension:credBlob\",\"webauthn:extension:largeBlob\",\"webauthn:extension:minPinLength\",\"webauthn:extension:prf\",\"webauthn:virtualAuthenticators\",\"wdio:driverPID\"]"}},"isReactElement":false,"isShadowElement":false}}
COMMAND: POST /session/6f673a1d5c9fbcf51f28cf3ae49a4f61/element - {"using":"xpath","value":"//md-tab-item[@id='tab-item-1']"}
RESULT: {"using":"xpath","value":"//md-tab-item[@id='tab-item-1']"}
COMMAND: POST /session/6f673a1d5c9fbcf51f28cf3ae49a4f61/element/f.F72ADC3AF72E0E216484D477626B431A.d.36ED61FE00F592E73DD6F65EB3D5F260.e.16/click - {}
RESULT: {}
COMMAND: POST /session/6f673a1d5c9fbcf51f28cf3ae49a4f61/element - {"using":"xpath","value":"//input[@id=\"input_100\"]"}
RESULT: {"using":"xpath","value":"//input[@id=\"input_100\"]"}
COMMAND: POST /session/6f673a1d5c9fbcf51f28cf3ae49a4f61/element/f.F72ADC3AF72E0E216484D477626B431A.d.36ED61FE00F592E73DD6F65EB3D5F260.e.32/clear - {}
RESULT: {}
COMMAND: POST /session/6f673a1d5c9fbcf51f28cf3ae49a4f61/element/f.F72ADC3AF72E0E216484D477626B431A.d.36ED61FE00F592E73DD6F65EB3D5F260.e.32/value - {"text":"4"}
RESULT: {"text":"4"}
COMMAND: POST /session/6f673a1d5c9fbcf51f28cf3ae49a4f61/element - {"using":"css selector","value":"#select_113"}
RESULT: {"using":"css selector","value":"#select_113"}
COMMAND: POST /session/6f673a1d5c9fbcf51f28cf3ae49a4f61/element/f.F72ADC3AF72E0E216484D477626B431A.d.36ED61FE00F592E73DD6F65EB3D5F260.e.87/click - {}
RESULT: {}
COMMAND: POST /session/6f673a1d5c9fbcf51f28cf3ae49a4f61/element - {"using":"css selector","value":"#select_option_102"}
RESULT: {"using":"css selector","value":"#select_option_102"}
COMMAND: POST /session/6f673a1d5c9fbcf51f28cf3ae49a4f61/execute/sync - {"script":"return (function isElementDisplayed(element) {\n    function nodeIsElement(node) {\n        if (!node) {\n            return false;\n        }\n        switch (node.nodeType) {\n            case Node.ELEMEN ... (8289 more bytes)","args":[{"element-6066-11e4-a52e-4f735466cecf":"f.F72ADC3AF72E0E216484D477626B431A.d.36ED61FE00F592E73DD6F65EB3D5F260.e.88","ELEMENT":"f.F72ADC3AF72E0E216484D477626B431A.d.36ED61FE00F592E73DD6F65EB3D5F260.e.88"}]}
RESULT: {"script":"return (function isElementDisplayed(element) {\n    function nodeIsElement(node) {\n        if (!node) {\n            return false;\n        }\n        switch (node.nodeType) {\n            case Node.ELEMEN ... (8289 more bytes)","args":[{"element-6066-11e4-a52e-4f735466cecf":"f.F72ADC3AF72E0E216484D477626B431A.d.36ED61FE00F592E73DD6F65EB3D5F260.e.88","ELEMENT":"f.F72ADC3AF72E0E216484D477626B431A.d.36ED61FE00F592E73DD6F65EB3D5F260.e.88"}]}
COMMAND: POST /session/6f673a1d5c9fbcf51f28cf3ae49a4f61/execute/sync - {"script":"return (function isElementDisplayed(element) {\n    function nodeIsElement(node) {\n        if (!node) {\n            return false;\n        }\n        switch (node.nodeType) {\n            case Node.ELEMEN ... (8289 more bytes)","args":[{"element-6066-11e4-a52e-4f735466cecf":"f.F72ADC3AF72E0E216484D477626B431A.d.36ED61FE00F592E73DD6F65EB3D5F260.e.88","ELEMENT":"f.F72ADC3AF72E0E216484D477626B431A.d.36ED61FE00F592E73DD6F65EB3D5F260.e.88"}]}
RESULT: {"script":"return (function isElementDisplayed(element) {\n    function nodeIsElement(node) {\n        if (!node) {\n            return false;\n        }\n        switch (node.nodeType) {\n            case Node.ELEMEN ... (8289 more bytes)","args":[{"element-6066-11e4-a52e-4f735466cecf":"f.F72ADC3AF72E0E216484D477626B431A.d.36ED61FE00F592E73DD6F65EB3D5F260.e.88","ELEMENT":"f.F72ADC3AF72E0E216484D477626B431A.d.36ED61FE00F592E73DD6F65EB3D5F260.e.88"}]}
COMMAND: POST /session/6f673a1d5c9fbcf51f28cf3ae49a4f61/execute/sync - {"script":"return (function isElementClickable(elem) {\n    if (!elem.getBoundingClientRect || !elem.scrollIntoView || !elem.contains || !elem.getClientRects || !document.elementFromPoint) {\n        return false; ... (5343 more bytes)","args":[{"element-6066-11e4-a52e-4f735466cecf":"f.F72ADC3AF72E0E216484D477626B431A.d.36ED61FE00F592E73DD6F65EB3D5F260.e.88","ELEMENT":"f.F72ADC3AF72E0E216484D477626B431A.d.36ED61FE00F592E73DD6F65EB3D5F260.e.88"}]}
RESULT: {"script":"return (function isElementClickable(elem) {\n    if (!elem.getBoundingClientRect || !elem.scrollIntoView || !elem.contains || !elem.getClientRects || !document.elementFromPoint) {\n        return false; ... (5343 more bytes)","args":[{"element-6066-11e4-a52e-4f735466cecf":"f.F72ADC3AF72E0E216484D477626B431A.d.36ED61FE00F592E73DD6F65EB3D5F260.e.88","ELEMENT":"f.F72ADC3AF72E0E216484D477626B431A.d.36ED61FE00F592E73DD6F65EB3D5F260.e.88"}]}
COMMAND: POST /session/6f673a1d5c9fbcf51f28cf3ae49a4f61/element/f.F72ADC3AF72E0E216484D477626B431A.d.36ED61FE00F592E73DD6F65EB3D5F260.e.88/click - {}
RESULT: {}
COMMAND: POST /session/6f673a1d5c9fbcf51f28cf3ae49a4f61/element - {"using":"css selector","value":"#select_117"}
RESULT: {"using":"css selector","value":"#select_117"}
COMMAND: POST /session/6f673a1d5c9fbcf51f28cf3ae49a4f61/element/f.F72ADC3AF72E0E216484D477626B431A.d.36ED61FE00F592E73DD6F65EB3D5F260.e.89/click - {}
RESULT: {}
COMMAND: POST /session/6f673a1d5c9fbcf51f28cf3ae49a4f61/element - {"using":"xpath","value":"//md-option[@id='select_option_115']"}
RESULT: {"using":"xpath","value":"//md-option[@id='select_option_115']"}
COMMAND: POST /session/6f673a1d5c9fbcf51f28cf3ae49a4f61/execute/sync - {"script":"return (function isElementDisplayed(element) {\n    function nodeIsElement(node) {\n        if (!node) {\n            return false;\n        }\n        switch (node.nodeType) {\n            case Node.ELEMEN ... (8289 more bytes)","args":[{"element-6066-11e4-a52e-4f735466cecf":"f.F72ADC3AF72E0E216484D477626B431A.d.36ED61FE00F592E73DD6F65EB3D5F260.e.90","ELEMENT":"f.F72ADC3AF72E0E216484D477626B431A.d.36ED61FE00F592E73DD6F65EB3D5F260.e.90"}]}
RESULT: {"script":"return (function isElementDisplayed(element) {\n    function nodeIsElement(node) {\n        if (!node) {\n            return false;\n        }\n        switch (node.nodeType) {\n            case Node.ELEMEN ... (8289 more bytes)","args":[{"element-6066-11e4-a52e-4f735466cecf":"f.F72ADC3AF72E0E216484D477626B431A.d.36ED61FE00F592E73DD6F65EB3D5F260.e.90","ELEMENT":"f.F72ADC3AF72E0E216484D477626B431A.d.36ED61FE00F592E73DD6F65EB3D5F260.e.90"}]}
COMMAND: POST /session/6f673a1d5c9fbcf51f28cf3ae49a4f61/execute/sync - {"script":"return (function isElementDisplayed(element) {\n    function nodeIsElement(node) {\n        if (!node) {\n            return false;\n        }\n        switch (node.nodeType) {\n            case Node.ELEMEN ... (8289 more bytes)","args":[{"element-6066-11e4-a52e-4f735466cecf":"f.F72ADC3AF72E0E216484D477626B431A.d.36ED61FE00F592E73DD6F65EB3D5F260.e.90","ELEMENT":"f.F72ADC3AF72E0E216484D477626B431A.d.36ED61FE00F592E73DD6F65EB3D5F260.e.90"}]}
RESULT: {"script":"return (function isElementDisplayed(element) {\n    function nodeIsElement(node) {\n        if (!node) {\n            return false;\n        }\n        switch (node.nodeType) {\n            case Node.ELEMEN ... (8289 more bytes)","args":[{"element-6066-11e4-a52e-4f735466cecf":"f.F72ADC3AF72E0E216484D477626B431A.d.36ED61FE00F592E73DD6F65EB3D5F260.e.90","ELEMENT":"f.F72ADC3AF72E0E216484D477626B431A.d.36ED61FE00F592E73DD6F65EB3D5F260.e.90"}]}
COMMAND: POST /session/6f673a1d5c9fbcf51f28cf3ae49a4f61/execute/sync - {"script":"return (function isElementClickable(elem) {\n    if (!elem.getBoundingClientRect || !elem.scrollIntoView || !elem.contains || !elem.getClientRects || !document.elementFromPoint) {\n        return false; ... (5343 more bytes)","args":[{"element-6066-11e4-a52e-4f735466cecf":"f.F72ADC3AF72E0E216484D477626B431A.d.36ED61FE00F592E73DD6F65EB3D5F260.e.90","ELEMENT":"f.F72ADC3AF72E0E216484D477626B431A.d.36ED61FE00F592E73DD6F65EB3D5F260.e.90"}]}
RESULT: {"script":"return (function isElementClickable(elem) {\n    if (!elem.getBoundingClientRect || !elem.scrollIntoView || !elem.contains || !elem.getClientRects || !document.elementFromPoint) {\n        return false; ... (5343 more bytes)","args":[{"element-6066-11e4-a52e-4f735466cecf":"f.F72ADC3AF72E0E216484D477626B431A.d.36ED61FE00F592E73DD6F65EB3D5F260.e.90","ELEMENT":"f.F72ADC3AF72E0E216484D477626B431A.d.36ED61FE00F592E73DD6F65EB3D5F260.e.90"}]}
COMMAND: POST /session/6f673a1d5c9fbcf51f28cf3ae49a4f61/element/f.F72ADC3AF72E0E216484D477626B431A.d.36ED61FE00F592E73DD6F65EB3D5F260.e.90/click - {}
RESULT: {}
COMMAND: POST /session/6f673a1d5c9fbcf51f28cf3ae49a4f61/element - {"using":"css selector","value":"#select_123"}
RESULT: {"using":"css selector","value":"#select_123"}
COMMAND: POST /session/6f673a1d5c9fbcf51f28cf3ae49a4f61/element/f.F72ADC3AF72E0E216484D477626B431A.d.36ED61FE00F592E73DD6F65EB3D5F260.e.91/click - {}
RESULT: {}
COMMAND: POST /session/6f673a1d5c9fbcf51f28cf3ae49a4f61/element - {"using":"xpath","value":"//md-option[@id='select_option_119']/div"}
RESULT: {"using":"xpath","value":"//md-option[@id='select_option_119']/div"}
COMMAND: POST /session/6f673a1d5c9fbcf51f28cf3ae49a4f61/execute/sync - {"script":"return (function isElementDisplayed(element) {\n    function nodeIsElement(node) {\n        if (!node) {\n            return false;\n        }\n        switch (node.nodeType) {\n            case Node.ELEMEN ... (8289 more bytes)","args":[{"element-6066-11e4-a52e-4f735466cecf":"f.F72ADC3AF72E0E216484D477626B431A.d.36ED61FE00F592E73DD6F65EB3D5F260.e.92","ELEMENT":"f.F72ADC3AF72E0E216484D477626B431A.d.36ED61FE00F592E73DD6F65EB3D5F260.e.92"}]}
RESULT: {"script":"return (function isElementDisplayed(element) {\n    function nodeIsElement(node) {\n        if (!node) {\n            return false;\n        }\n        switch (node.nodeType) {\n            case Node.ELEMEN ... (8289 more bytes)","args":[{"element-6066-11e4-a52e-4f735466cecf":"f.F72ADC3AF72E0E216484D477626B431A.d.36ED61FE00F592E73DD6F65EB3D5F260.e.92","ELEMENT":"f.F72ADC3AF72E0E216484D477626B431A.d.36ED61FE00F592E73DD6F65EB3D5F260.e.92"}]}
COMMAND: POST /session/6f673a1d5c9fbcf51f28cf3ae49a4f61/execute/sync - {"script":"return (function isElementDisplayed(element) {\n    function nodeIsElement(node) {\n        if (!node) {\n            return false;\n        }\n        switch (node.nodeType) {\n            case Node.ELEMEN ... (8289 more bytes)","args":[{"element-6066-11e4-a52e-4f735466cecf":"f.F72ADC3AF72E0E216484D477626B431A.d.36ED61FE00F592E73DD6F65EB3D5F260.e.92","ELEMENT":"f.F72ADC3AF72E0E216484D477626B431A.d.36ED61FE00F592E73DD6F65EB3D5F260.e.92"}]}
RESULT: {"script":"return (function isElementDisplayed(element) {\n    function nodeIsElement(node) {\n        if (!node) {\n            return false;\n        }\n        switch (node.nodeType) {\n            case Node.ELEMEN ... (8289 more bytes)","args":[{"element-6066-11e4-a52e-4f735466cecf":"f.F72ADC3AF72E0E216484D477626B431A.d.36ED61FE00F592E73DD6F65EB3D5F260.e.92","ELEMENT":"f.F72ADC3AF72E0E216484D477626B431A.d.36ED61FE00F592E73DD6F65EB3D5F260.e.92"}]}
COMMAND: POST /session/6f673a1d5c9fbcf51f28cf3ae49a4f61/execute/sync - {"script":"return (function isElementClickable(elem) {\n    if (!elem.getBoundingClientRect || !elem.scrollIntoView || !elem.contains || !elem.getClientRects || !document.elementFromPoint) {\n        return false; ... (5343 more bytes)","args":[{"element-6066-11e4-a52e-4f735466cecf":"f.F72ADC3AF72E0E216484D477626B431A.d.36ED61FE00F592E73DD6F65EB3D5F260.e.92","ELEMENT":"f.F72ADC3AF72E0E216484D477626B431A.d.36ED61FE00F592E73DD6F65EB3D5F260.e.92"}]}
RESULT: {"script":"return (function isElementClickable(elem) {\n    if (!elem.getBoundingClientRect || !elem.scrollIntoView || !elem.contains || !elem.getClientRects || !document.elementFromPoint) {\n        return false; ... (5343 more bytes)","args":[{"element-6066-11e4-a52e-4f735466cecf":"f.F72ADC3AF72E0E216484D477626B431A.d.36ED61FE00F592E73DD6F65EB3D5F260.e.92","ELEMENT":"f.F72ADC3AF72E0E216484D477626B431A.d.36ED61FE00F592E73DD6F65EB3D5F260.e.92"}]}
COMMAND: POST /session/6f673a1d5c9fbcf51f28cf3ae49a4f61/element/f.F72ADC3AF72E0E216484D477626B431A.d.36ED61FE00F592E73DD6F65EB3D5F260.e.92/click - {}
RESULT: {}
COMMAND: POST /session/6f673a1d5c9fbcf51f28cf3ae49a4f61/element - {"using":"xpath","value":"//md-select-value[@id='select_value_label_95']"}
RESULT: {"using":"xpath","value":"//md-select-value[@id='select_value_label_95']"}
COMMAND: POST /session/6f673a1d5c9fbcf51f28cf3ae49a4f61/element/f.F72ADC3AF72E0E216484D477626B431A.d.36ED61FE00F592E73DD6F65EB3D5F260.e.93/click - {}
RESULT: {}
COMMAND: POST /session/6f673a1d5c9fbcf51f28cf3ae49a4f61/element - {"using":"xpath","value":"//md-option[@id='select_option_224']"}
RESULT: {"using":"xpath","value":"//md-option[@id='select_option_224']"}
COMMAND: POST /session/6f673a1d5c9fbcf51f28cf3ae49a4f61/execute/sync - {"script":"return (function isElementDisplayed(element) {\n    function nodeIsElement(node) {\n        if (!node) {\n            return false;\n        }\n        switch (node.nodeType) {\n            case Node.ELEMEN ... (8289 more bytes)","args":[{"element-6066-11e4-a52e-4f735466cecf":"f.F72ADC3AF72E0E216484D477626B431A.d.36ED61FE00F592E73DD6F65EB3D5F260.e.94","ELEMENT":"f.F72ADC3AF72E0E216484D477626B431A.d.36ED61FE00F592E73DD6F65EB3D5F260.e.94"}]}
RESULT: {"script":"return (function isElementDisplayed(element) {\n    function nodeIsElement(node) {\n        if (!node) {\n            return false;\n        }\n        switch (node.nodeType) {\n            case Node.ELEMEN ... (8289 more bytes)","args":[{"element-6066-11e4-a52e-4f735466cecf":"f.F72ADC3AF72E0E216484D477626B431A.d.36ED61FE00F592E73DD6F65EB3D5F260.e.94","ELEMENT":"f.F72ADC3AF72E0E216484D477626B431A.d.36ED61FE00F592E73DD6F65EB3D5F260.e.94"}]}
COMMAND: POST /session/6f673a1d5c9fbcf51f28cf3ae49a4f61/execute/sync - {"script":"return (function isElementDisplayed(element) {\n    function nodeIsElement(node) {\n        if (!node) {\n            return false;\n        }\n        switch (node.nodeType) {\n            case Node.ELEMEN ... (8289 more bytes)","args":[{"element-6066-11e4-a52e-4f735466cecf":"f.F72ADC3AF72E0E216484D477626B431A.d.36ED61FE00F592E73DD6F65EB3D5F260.e.94","ELEMENT":"f.F72ADC3AF72E0E216484D477626B431A.d.36ED61FE00F592E73DD6F65EB3D5F260.e.94"}]}
RESULT: {"script":"return (function isElementDisplayed(element) {\n    function nodeIsElement(node) {\n        if (!node) {\n            return false;\n        }\n        switch (node.nodeType) {\n            case Node.ELEMEN ... (8289 more bytes)","args":[{"element-6066-11e4-a52e-4f735466cecf":"f.F72ADC3AF72E0E216484D477626B431A.d.36ED61FE00F592E73DD6F65EB3D5F260.e.94","ELEMENT":"f.F72ADC3AF72E0E216484D477626B431A.d.36ED61FE00F592E73DD6F65EB3D5F260.e.94"}]}
COMMAND: POST /session/6f673a1d5c9fbcf51f28cf3ae49a4f61/execute/sync - {"script":"return (function isElementClickable(elem) {\n    if (!elem.getBoundingClientRect || !elem.scrollIntoView || !elem.contains || !elem.getClientRects || !document.elementFromPoint) {\n        return false; ... (5343 more bytes)","args":[{"element-6066-11e4-a52e-4f735466cecf":"f.F72ADC3AF72E0E216484D477626B431A.d.36ED61FE00F592E73DD6F65EB3D5F260.e.94","ELEMENT":"f.F72ADC3AF72E0E216484D477626B431A.d.36ED61FE00F592E73DD6F65EB3D5F260.e.94"}]}
RESULT: {"script":"return (function isElementClickable(elem) {\n    if (!elem.getBoundingClientRect || !elem.scrollIntoView || !elem.contains || !elem.getClientRects || !document.elementFromPoint) {\n        return false; ... (5343 more bytes)","args":[{"element-6066-11e4-a52e-4f735466cecf":"f.F72ADC3AF72E0E216484D477626B431A.d.36ED61FE00F592E73DD6F65EB3D5F260.e.94","ELEMENT":"f.F72ADC3AF72E0E216484D477626B431A.d.36ED61FE00F592E73DD6F65EB3D5F260.e.94"}]}
COMMAND: POST /session/6f673a1d5c9fbcf51f28cf3ae49a4f61/element/f.F72ADC3AF72E0E216484D477626B431A.d.36ED61FE00F592E73DD6F65EB3D5F260.e.94/click - {}
RESULT: {}
COMMAND: POST /session/6f673a1d5c9fbcf51f28cf3ae49a4f61/element - {"using":"xpath","value":"//md-select-value[@id='select_value_label_96']"}
RESULT: {"using":"xpath","value":"//md-select-value[@id='select_value_label_96']"}
COMMAND: POST /session/6f673a1d5c9fbcf51f28cf3ae49a4f61/element/f.F72ADC3AF72E0E216484D477626B431A.d.36ED61FE00F592E73DD6F65EB3D5F260.e.241/click - {}
RESULT: {}
COMMAND: POST /session/6f673a1d5c9fbcf51f28cf3ae49a4f61/element - {"using":"xpath","value":"//md-option[@id='select_option_474']"}
RESULT: {"using":"xpath","value":"//md-option[@id='select_option_474']"}
COMMAND: POST /session/6f673a1d5c9fbcf51f28cf3ae49a4f61/execute/sync - {"script":"return (function isElementDisplayed(element) {\n    function nodeIsElement(node) {\n        if (!node) {\n            return false;\n        }\n        switch (node.nodeType) {\n            case Node.ELEMEN ... (8289 more bytes)","args":[{"element-6066-11e4-a52e-4f735466cecf":"f.F72ADC3AF72E0E216484D477626B431A.d.36ED61FE00F592E73DD6F65EB3D5F260.e.244","ELEMENT":"f.F72ADC3AF72E0E216484D477626B431A.d.36ED61FE00F592E73DD6F65EB3D5F260.e.244"}]}
RESULT: {"script":"return (function isElementDisplayed(element) {\n    function nodeIsElement(node) {\n        if (!node) {\n            return false;\n        }\n        switch (node.nodeType) {\n            case Node.ELEMEN ... (8289 more bytes)","args":[{"element-6066-11e4-a52e-4f735466cecf":"f.F72ADC3AF72E0E216484D477626B431A.d.36ED61FE00F592E73DD6F65EB3D5F260.e.244","ELEMENT":"f.F72ADC3AF72E0E216484D477626B431A.d.36ED61FE00F592E73DD6F65EB3D5F260.e.244"}]}
COMMAND: POST /session/6f673a1d5c9fbcf51f28cf3ae49a4f61/execute/sync - {"script":"return (function isElementDisplayed(element) {\n    function nodeIsElement(node) {\n        if (!node) {\n            return false;\n        }\n        switch (node.nodeType) {\n            case Node.ELEMEN ... (8289 more bytes)","args":[{"element-6066-11e4-a52e-4f735466cecf":"f.F72ADC3AF72E0E216484D477626B431A.d.36ED61FE00F592E73DD6F65EB3D5F260.e.244","ELEMENT":"f.F72ADC3AF72E0E216484D477626B431A.d.36ED61FE00F592E73DD6F65EB3D5F260.e.244"}]}
RESULT: {"script":"return (function isElementDisplayed(element) {\n    function nodeIsElement(node) {\n        if (!node) {\n            return false;\n        }\n        switch (node.nodeType) {\n            case Node.ELEMEN ... (8289 more bytes)","args":[{"element-6066-11e4-a52e-4f735466cecf":"f.F72ADC3AF72E0E216484D477626B431A.d.36ED61FE00F592E73DD6F65EB3D5F260.e.244","ELEMENT":"f.F72ADC3AF72E0E216484D477626B431A.d.36ED61FE00F592E73DD6F65EB3D5F260.e.244"}]}
COMMAND: POST /session/6f673a1d5c9fbcf51f28cf3ae49a4f61/execute/sync - {"script":"return (function isElementClickable(elem) {\n    if (!elem.getBoundingClientRect || !elem.scrollIntoView || !elem.contains || !elem.getClientRects || !document.elementFromPoint) {\n        return false; ... (5343 more bytes)","args":[{"element-6066-11e4-a52e-4f735466cecf":"f.F72ADC3AF72E0E216484D477626B431A.d.36ED61FE00F592E73DD6F65EB3D5F260.e.244","ELEMENT":"f.F72ADC3AF72E0E216484D477626B431A.d.36ED61FE00F592E73DD6F65EB3D5F260.e.244"}]}
RESULT: {"script":"return (function isElementClickable(elem) {\n    if (!elem.getBoundingClientRect || !elem.scrollIntoView || !elem.contains || !elem.getClientRects || !document.elementFromPoint) {\n        return false; ... (5343 more bytes)","args":[{"element-6066-11e4-a52e-4f735466cecf":"f.F72ADC3AF72E0E216484D477626B431A.d.36ED61FE00F592E73DD6F65EB3D5F260.e.244","ELEMENT":"f.F72ADC3AF72E0E216484D477626B431A.d.36ED61FE00F592E73DD6F65EB3D5F260.e.244"}]}
COMMAND: POST /session/6f673a1d5c9fbcf51f28cf3ae49a4f61/element/f.F72ADC3AF72E0E216484D477626B431A.d.36ED61FE00F592E73DD6F65EB3D5F260.e.244/click - {}
RESULT: {}
COMMAND: POST /session/6f673a1d5c9fbcf51f28cf3ae49a4f61/elements - {"using":"css selector","value":".md-container.md-ink-ripple"}
RESULT: {"using":"css selector","value":".md-container.md-ink-ripple"}
COMMAND: POST /session/6f673a1d5c9fbcf51f28cf3ae49a4f61/element/f.F72ADC3AF72E0E216484D477626B431A.d.36ED61FE00F592E73DD6F65EB3D5F260.e.248/click - {}
RESULT: {}
COMMAND: POST /session/6f673a1d5c9fbcf51f28cf3ae49a4f61/element - {"using":"css selector","value":"#select_510"}
RESULT: {"using":"css selector","value":"#select_510"}
COMMAND: POST /session/6f673a1d5c9fbcf51f28cf3ae49a4f61/element/f.F72ADC3AF72E0E216484D477626B431A.d.36ED61FE00F592E73DD6F65EB3D5F260.e.326/click - {}
RESULT: {}
COMMAND: POST /session/6f673a1d5c9fbcf51f28cf3ae49a4f61/element - {"using":"css selector","value":"#select_option_517"}
RESULT: {"using":"css selector","value":"#select_option_517"}
COMMAND: POST /session/6f673a1d5c9fbcf51f28cf3ae49a4f61/execute/sync - {"script":"return (function isElementDisplayed(element) {\n    function nodeIsElement(node) {\n        if (!node) {\n            return false;\n        }\n        switch (node.nodeType) {\n            case Node.ELEMEN ... (8289 more bytes)","args":[{"element-6066-11e4-a52e-4f735466cecf":"f.F72ADC3AF72E0E216484D477626B431A.d.36ED61FE00F592E73DD6F65EB3D5F260.e.327","ELEMENT":"f.F72ADC3AF72E0E216484D477626B431A.d.36ED61FE00F592E73DD6F65EB3D5F260.e.327"}]}
RESULT: {"script":"return (function isElementDisplayed(element) {\n    function nodeIsElement(node) {\n        if (!node) {\n            return false;\n        }\n        switch (node.nodeType) {\n            case Node.ELEMEN ... (8289 more bytes)","args":[{"element-6066-11e4-a52e-4f735466cecf":"f.F72ADC3AF72E0E216484D477626B431A.d.36ED61FE00F592E73DD6F65EB3D5F260.e.327","ELEMENT":"f.F72ADC3AF72E0E216484D477626B431A.d.36ED61FE00F592E73DD6F65EB3D5F260.e.327"}]}
COMMAND: POST /session/6f673a1d5c9fbcf51f28cf3ae49a4f61/execute/sync - {"script":"return (function isElementDisplayed(element) {\n    function nodeIsElement(node) {\n        if (!node) {\n            return false;\n        }\n        switch (node.nodeType) {\n            case Node.ELEMEN ... (8289 more bytes)","args":[{"element-6066-11e4-a52e-4f735466cecf":"f.F72ADC3AF72E0E216484D477626B431A.d.36ED61FE00F592E73DD6F65EB3D5F260.e.327","ELEMENT":"f.F72ADC3AF72E0E216484D477626B431A.d.36ED61FE00F592E73DD6F65EB3D5F260.e.327"}]}
RESULT: {"script":"return (function isElementDisplayed(element) {\n    function nodeIsElement(node) {\n        if (!node) {\n            return false;\n        }\n        switch (node.nodeType) {\n            case Node.ELEMEN ... (8289 more bytes)","args":[{"element-6066-11e4-a52e-4f735466cecf":"f.F72ADC3AF72E0E216484D477626B431A.d.36ED61FE00F592E73DD6F65EB3D5F260.e.327","ELEMENT":"f.F72ADC3AF72E0E216484D477626B431A.d.36ED61FE00F592E73DD6F65EB3D5F260.e.327"}]}
COMMAND: POST /session/6f673a1d5c9fbcf51f28cf3ae49a4f61/execute/sync - {"script":"return (function isElementClickable(elem) {\n    if (!elem.getBoundingClientRect || !elem.scrollIntoView || !elem.contains || !elem.getClientRects || !document.elementFromPoint) {\n        return false; ... (5343 more bytes)","args":[{"element-6066-11e4-a52e-4f735466cecf":"f.F72ADC3AF72E0E216484D477626B431A.d.36ED61FE00F592E73DD6F65EB3D5F260.e.327","ELEMENT":"f.F72ADC3AF72E0E216484D477626B431A.d.36ED61FE00F592E73DD6F65EB3D5F260.e.327"}]}
RESULT: {"script":"return (function isElementClickable(elem) {\n    if (!elem.getBoundingClientRect || !elem.scrollIntoView || !elem.contains || !elem.getClientRects || !document.elementFromPoint) {\n        return false; ... (5343 more bytes)","args":[{"element-6066-11e4-a52e-4f735466cecf":"f.F72ADC3AF72E0E216484D477626B431A.d.36ED61FE00F592E73DD6F65EB3D5F260.e.327","ELEMENT":"f.F72ADC3AF72E0E216484D477626B431A.d.36ED61FE00F592E73DD6F65EB3D5F260.e.327"}]}
COMMAND: POST /session/6f673a1d5c9fbcf51f28cf3ae49a4f61/element/f.F72ADC3AF72E0E216484D477626B431A.d.36ED61FE00F592E73DD6F65EB3D5F260.e.327/click - {}
RESULT: {}
COMMAND: POST /session/6f673a1d5c9fbcf51f28cf3ae49a4f61/element - {"using":"css selector","value":"#select_512"}
RESULT: {"using":"css selector","value":"#select_512"}
COMMAND: POST /session/6f673a1d5c9fbcf51f28cf3ae49a4f61/element/f.F72ADC3AF72E0E216484D477626B431A.d.36ED61FE00F592E73DD6F65EB3D5F260.e.328/click - {}
RESULT: {}
COMMAND: POST /session/6f673a1d5c9fbcf51f28cf3ae49a4f61/element - {"using":"css selector","value":"#select_option_520"}
RESULT: {"using":"css selector","value":"#select_option_520"}
COMMAND: POST /session/6f673a1d5c9fbcf51f28cf3ae49a4f61/execute/sync - {"script":"return (function isElementDisplayed(element) {\n    function nodeIsElement(node) {\n        if (!node) {\n            return false;\n        }\n        switch (node.nodeType) {\n            case Node.ELEMEN ... (8289 more bytes)","args":[{"element-6066-11e4-a52e-4f735466cecf":"f.F72ADC3AF72E0E216484D477626B431A.d.36ED61FE00F592E73DD6F65EB3D5F260.e.329","ELEMENT":"f.F72ADC3AF72E0E216484D477626B431A.d.36ED61FE00F592E73DD6F65EB3D5F260.e.329"}]}
RESULT: {"script":"return (function isElementDisplayed(element) {\n    function nodeIsElement(node) {\n        if (!node) {\n            return false;\n        }\n        switch (node.nodeType) {\n            case Node.ELEMEN ... (8289 more bytes)","args":[{"element-6066-11e4-a52e-4f735466cecf":"f.F72ADC3AF72E0E216484D477626B431A.d.36ED61FE00F592E73DD6F65EB3D5F260.e.329","ELEMENT":"f.F72ADC3AF72E0E216484D477626B431A.d.36ED61FE00F592E73DD6F65EB3D5F260.e.329"}]}
COMMAND: POST /session/6f673a1d5c9fbcf51f28cf3ae49a4f61/execute/sync - {"script":"return (function isElementDisplayed(element) {\n    function nodeIsElement(node) {\n        if (!node) {\n            return false;\n        }\n        switch (node.nodeType) {\n            case Node.ELEMEN ... (8289 more bytes)","args":[{"element-6066-11e4-a52e-4f735466cecf":"f.F72ADC3AF72E0E216484D477626B431A.d.36ED61FE00F592E73DD6F65EB3D5F260.e.329","ELEMENT":"f.F72ADC3AF72E0E216484D477626B431A.d.36ED61FE00F592E73DD6F65EB3D5F260.e.329"}]}
RESULT: {"script":"return (function isElementDisplayed(element) {\n    function nodeIsElement(node) {\n        if (!node) {\n            return false;\n        }\n        switch (node.nodeType) {\n            case Node.ELEMEN ... (8289 more bytes)","args":[{"element-6066-11e4-a52e-4f735466cecf":"f.F72ADC3AF72E0E216484D477626B431A.d.36ED61FE00F592E73DD6F65EB3D5F260.e.329","ELEMENT":"f.F72ADC3AF72E0E216484D477626B431A.d.36ED61FE00F592E73DD6F65EB3D5F260.e.329"}]}
COMMAND: POST /session/6f673a1d5c9fbcf51f28cf3ae49a4f61/execute/sync - {"script":"return (function isElementClickable(elem) {\n    if (!elem.getBoundingClientRect || !elem.scrollIntoView || !elem.contains || !elem.getClientRects || !document.elementFromPoint) {\n        return false; ... (5343 more bytes)","args":[{"element-6066-11e4-a52e-4f735466cecf":"f.F72ADC3AF72E0E216484D477626B431A.d.36ED61FE00F592E73DD6F65EB3D5F260.e.329","ELEMENT":"f.F72ADC3AF72E0E216484D477626B431A.d.36ED61FE00F592E73DD6F65EB3D5F260.e.329"}]}
RESULT: {"script":"return (function isElementClickable(elem) {\n    if (!elem.getBoundingClientRect || !elem.scrollIntoView || !elem.contains || !elem.getClientRects || !document.elementFromPoint) {\n        return false; ... (5343 more bytes)","args":[{"element-6066-11e4-a52e-4f735466cecf":"f.F72ADC3AF72E0E216484D477626B431A.d.36ED61FE00F592E73DD6F65EB3D5F260.e.329","ELEMENT":"f.F72ADC3AF72E0E216484D477626B431A.d.36ED61FE00F592E73DD6F65EB3D5F260.e.329"}]}
COMMAND: POST /session/6f673a1d5c9fbcf51f28cf3ae49a4f61/element/f.F72ADC3AF72E0E216484D477626B431A.d.36ED61FE00F592E73DD6F65EB3D5F260.e.329/click - {}
RESULT: {}
COMMAND: POST /session/6f673a1d5c9fbcf51f28cf3ae49a4f61/element - {"using":"xpath","value":"//md-select-value[@id='select_value_label_468']"}
RESULT: {"using":"xpath","value":"//md-select-value[@id='select_value_label_468']"}
COMMAND: POST /session/6f673a1d5c9fbcf51f28cf3ae49a4f61/element/f.F72ADC3AF72E0E216484D477626B431A.d.36ED61FE00F592E73DD6F65EB3D5F260.e.239/click - {}
RESULT: {}
COMMAND: POST /session/6f673a1d5c9fbcf51f28cf3ae49a4f61/element - {"using":"xpath","value":"//md-option[@id='select_option_495']"}
RESULT: {"using":"xpath","value":"//md-option[@id='select_option_495']"}
COMMAND: POST /session/6f673a1d5c9fbcf51f28cf3ae49a4f61/execute/sync - {"script":"return (function isElementDisplayed(element) {\n    function nodeIsElement(node) {\n        if (!node) {\n            return false;\n        }\n        switch (node.nodeType) {\n            case Node.ELEMEN ... (8289 more bytes)","args":[{"element-6066-11e4-a52e-4f735466cecf":"f.F72ADC3AF72E0E216484D477626B431A.d.36ED61FE00F592E73DD6F65EB3D5F260.e.330","ELEMENT":"f.F72ADC3AF72E0E216484D477626B431A.d.36ED61FE00F592E73DD6F65EB3D5F260.e.330"}]}
RESULT: {"script":"return (function isElementDisplayed(element) {\n    function nodeIsElement(node) {\n        if (!node) {\n            return false;\n        }\n        switch (node.nodeType) {\n            case Node.ELEMEN ... (8289 more bytes)","args":[{"element-6066-11e4-a52e-4f735466cecf":"f.F72ADC3AF72E0E216484D477626B431A.d.36ED61FE00F592E73DD6F65EB3D5F260.e.330","ELEMENT":"f.F72ADC3AF72E0E216484D477626B431A.d.36ED61FE00F592E73DD6F65EB3D5F260.e.330"}]}
COMMAND: POST /session/6f673a1d5c9fbcf51f28cf3ae49a4f61/execute/sync - {"script":"return (function isElementDisplayed(element) {\n    function nodeIsElement(node) {\n        if (!node) {\n            return false;\n        }\n        switch (node.nodeType) {\n            case Node.ELEMEN ... (8289 more bytes)","args":[{"element-6066-11e4-a52e-4f735466cecf":"f.F72ADC3AF72E0E216484D477626B431A.d.36ED61FE00F592E73DD6F65EB3D5F260.e.330","ELEMENT":"f.F72ADC3AF72E0E216484D477626B431A.d.36ED61FE00F592E73DD6F65EB3D5F260.e.330"}]}
RESULT: {"script":"return (function isElementDisplayed(element) {\n    function nodeIsElement(node) {\n        if (!node) {\n            return false;\n        }\n        switch (node.nodeType) {\n            case Node.ELEMEN ... (8289 more bytes)","args":[{"element-6066-11e4-a52e-4f735466cecf":"f.F72ADC3AF72E0E216484D477626B431A.d.36ED61FE00F592E73DD6F65EB3D5F260.e.330","ELEMENT":"f.F72ADC3AF72E0E216484D477626B431A.d.36ED61FE00F592E73DD6F65EB3D5F260.e.330"}]}
COMMAND: POST /session/6f673a1d5c9fbcf51f28cf3ae49a4f61/execute/sync - {"script":"return (function isElementClickable(elem) {\n    if (!elem.getBoundingClientRect || !elem.scrollIntoView || !elem.contains || !elem.getClientRects || !document.elementFromPoint) {\n        return false; ... (5343 more bytes)","args":[{"element-6066-11e4-a52e-4f735466cecf":"f.F72ADC3AF72E0E216484D477626B431A.d.36ED61FE00F592E73DD6F65EB3D5F260.e.330","ELEMENT":"f.F72ADC3AF72E0E216484D477626B431A.d.36ED61FE00F592E73DD6F65EB3D5F260.e.330"}]}
RESULT: {"script":"return (function isElementClickable(elem) {\n    if (!elem.getBoundingClientRect || !elem.scrollIntoView || !elem.contains || !elem.getClientRects || !document.elementFromPoint) {\n        return false; ... (5343 more bytes)","args":[{"element-6066-11e4-a52e-4f735466cecf":"f.F72ADC3AF72E0E216484D477626B431A.d.36ED61FE00F592E73DD6F65EB3D5F260.e.330","ELEMENT":"f.F72ADC3AF72E0E216484D477626B431A.d.36ED61FE00F592E73DD6F65EB3D5F260.e.330"}]}
COMMAND: POST /session/6f673a1d5c9fbcf51f28cf3ae49a4f61/element/f.F72ADC3AF72E0E216484D477626B431A.d.36ED61FE00F592E73DD6F65EB3D5F260.e.330/click - {}
RESULT: {}
COMMAND: POST /session/6f673a1d5c9fbcf51f28cf3ae49a4f61/element - {"using":"xpath","value":"//md-select-value[@id='select_value_label_98']"}
RESULT: {"using":"xpath","value":"//md-select-value[@id='select_value_label_98']"}
COMMAND: POST /session/6f673a1d5c9fbcf51f28cf3ae49a4f61/element/f.F72ADC3AF72E0E216484D477626B431A.d.36ED61FE00F592E73DD6F65EB3D5F260.e.97/click - {}
RESULT: {}
COMMAND: POST /session/6f673a1d5c9fbcf51f28cf3ae49a4f61/element - {"using":"xpath","value":"//md-option[@id='select_option_269']"}
RESULT: {"using":"xpath","value":"//md-option[@id='select_option_269']"}
COMMAND: POST /session/6f673a1d5c9fbcf51f28cf3ae49a4f61/execute/sync - {"script":"return (function isElementDisplayed(element) {\n    function nodeIsElement(node) {\n        if (!node) {\n            return false;\n        }\n        switch (node.nodeType) {\n            case Node.ELEMEN ... (8289 more bytes)","args":[{"element-6066-11e4-a52e-4f735466cecf":"f.F72ADC3AF72E0E216484D477626B431A.d.36ED61FE00F592E73DD6F65EB3D5F260.e.331","ELEMENT":"f.F72ADC3AF72E0E216484D477626B431A.d.36ED61FE00F592E73DD6F65EB3D5F260.e.331"}]}
RESULT: {"script":"return (function isElementDisplayed(element) {\n    function nodeIsElement(node) {\n        if (!node) {\n            return false;\n        }\n        switch (node.nodeType) {\n            case Node.ELEMEN ... (8289 more bytes)","args":[{"element-6066-11e4-a52e-4f735466cecf":"f.F72ADC3AF72E0E216484D477626B431A.d.36ED61FE00F592E73DD6F65EB3D5F260.e.331","ELEMENT":"f.F72ADC3AF72E0E216484D477626B431A.d.36ED61FE00F592E73DD6F65EB3D5F260.e.331"}]}
COMMAND: POST /session/6f673a1d5c9fbcf51f28cf3ae49a4f61/execute/sync - {"script":"return (function isElementDisplayed(element) {\n    function nodeIsElement(node) {\n        if (!node) {\n            return false;\n        }\n        switch (node.nodeType) {\n            case Node.ELEMEN ... (8289 more bytes)","args":[{"element-6066-11e4-a52e-4f735466cecf":"f.F72ADC3AF72E0E216484D477626B431A.d.36ED61FE00F592E73DD6F65EB3D5F260.e.331","ELEMENT":"f.F72ADC3AF72E0E216484D477626B431A.d.36ED61FE00F592E73DD6F65EB3D5F260.e.331"}]}
RESULT: {"script":"return (function isElementDisplayed(element) {\n    function nodeIsElement(node) {\n        if (!node) {\n            return false;\n        }\n        switch (node.nodeType) {\n            case Node.ELEMEN ... (8289 more bytes)","args":[{"element-6066-11e4-a52e-4f735466cecf":"f.F72ADC3AF72E0E216484D477626B431A.d.36ED61FE00F592E73DD6F65EB3D5F260.e.331","ELEMENT":"f.F72ADC3AF72E0E216484D477626B431A.d.36ED61FE00F592E73DD6F65EB3D5F260.e.331"}]}
COMMAND: POST /session/6f673a1d5c9fbcf51f28cf3ae49a4f61/execute/sync - {"script":"return (function isElementClickable(elem) {\n    if (!elem.getBoundingClientRect || !elem.scrollIntoView || !elem.contains || !elem.getClientRects || !document.elementFromPoint) {\n        return false; ... (5343 more bytes)","args":[{"element-6066-11e4-a52e-4f735466cecf":"f.F72ADC3AF72E0E216484D477626B431A.d.36ED61FE00F592E73DD6F65EB3D5F260.e.331","ELEMENT":"f.F72ADC3AF72E0E216484D477626B431A.d.36ED61FE00F592E73DD6F65EB3D5F260.e.331"}]}
RESULT: {"script":"return (function isElementClickable(elem) {\n    if (!elem.getBoundingClientRect || !elem.scrollIntoView || !elem.contains || !elem.getClientRects || !document.elementFromPoint) {\n        return false; ... (5343 more bytes)","args":[{"element-6066-11e4-a52e-4f735466cecf":"f.F72ADC3AF72E0E216484D477626B431A.d.36ED61FE00F592E73DD6F65EB3D5F260.e.331","ELEMENT":"f.F72ADC3AF72E0E216484D477626B431A.d.36ED61FE00F592E73DD6F65EB3D5F260.e.331"}]}
COMMAND: POST /session/6f673a1d5c9fbcf51f28cf3ae49a4f61/element/f.F72ADC3AF72E0E216484D477626B431A.d.36ED61FE00F592E73DD6F65EB3D5F260.e.331/click - {}
RESULT: {}
COMMAND: POST /session/6f673a1d5c9fbcf51f28cf3ae49a4f61/element - {"using":"xpath","value":"//md-select-value[@id='select_value_label_99']"}
RESULT: {"using":"xpath","value":"//md-select-value[@id='select_value_label_99']"}
COMMAND: POST /session/6f673a1d5c9fbcf51f28cf3ae49a4f61/element/f.F72ADC3AF72E0E216484D477626B431A.d.36ED61FE00F592E73DD6F65EB3D5F260.e.107/click - {}
RESULT: {}
COMMAND: POST /session/6f673a1d5c9fbcf51f28cf3ae49a4f61/element - {"using":"xpath","value":"//md-option[@id='select_option_138']"}
RESULT: {"using":"xpath","value":"//md-option[@id='select_option_138']"}
COMMAND: POST /session/6f673a1d5c9fbcf51f28cf3ae49a4f61/execute/sync - {"script":"return (function isElementDisplayed(element) {\n    function nodeIsElement(node) {\n        if (!node) {\n            return false;\n        }\n        switch (node.nodeType) {\n            case Node.ELEMEN ... (8289 more bytes)","args":[{"element-6066-11e4-a52e-4f735466cecf":"f.F72ADC3AF72E0E216484D477626B431A.d.36ED61FE00F592E73DD6F65EB3D5F260.e.334","ELEMENT":"f.F72ADC3AF72E0E216484D477626B431A.d.36ED61FE00F592E73DD6F65EB3D5F260.e.334"}]}
RESULT: {"script":"return (function isElementDisplayed(element) {\n    function nodeIsElement(node) {\n        if (!node) {\n            return false;\n        }\n        switch (node.nodeType) {\n            case Node.ELEMEN ... (8289 more bytes)","args":[{"element-6066-11e4-a52e-4f735466cecf":"f.F72ADC3AF72E0E216484D477626B431A.d.36ED61FE00F592E73DD6F65EB3D5F260.e.334","ELEMENT":"f.F72ADC3AF72E0E216484D477626B431A.d.36ED61FE00F592E73DD6F65EB3D5F260.e.334"}]}
COMMAND: POST /session/6f673a1d5c9fbcf51f28cf3ae49a4f61/execute/sync - {"script":"return (function isElementDisplayed(element) {\n    function nodeIsElement(node) {\n        if (!node) {\n            return false;\n        }\n        switch (node.nodeType) {\n            case Node.ELEMEN ... (8289 more bytes)","args":[{"element-6066-11e4-a52e-4f735466cecf":"f.F72ADC3AF72E0E216484D477626B431A.d.36ED61FE00F592E73DD6F65EB3D5F260.e.334","ELEMENT":"f.F72ADC3AF72E0E216484D477626B431A.d.36ED61FE00F592E73DD6F65EB3D5F260.e.334"}]}
RESULT: {"script":"return (function isElementDisplayed(element) {\n    function nodeIsElement(node) {\n        if (!node) {\n            return false;\n        }\n        switch (node.nodeType) {\n            case Node.ELEMEN ... (8289 more bytes)","args":[{"element-6066-11e4-a52e-4f735466cecf":"f.F72ADC3AF72E0E216484D477626B431A.d.36ED61FE00F592E73DD6F65EB3D5F260.e.334","ELEMENT":"f.F72ADC3AF72E0E216484D477626B431A.d.36ED61FE00F592E73DD6F65EB3D5F260.e.334"}]}
COMMAND: POST /session/6f673a1d5c9fbcf51f28cf3ae49a4f61/execute/sync - {"script":"return (function isElementClickable(elem) {\n    if (!elem.getBoundingClientRect || !elem.scrollIntoView || !elem.contains || !elem.getClientRects || !document.elementFromPoint) {\n        return false; ... (5343 more bytes)","args":[{"element-6066-11e4-a52e-4f735466cecf":"f.F72ADC3AF72E0E216484D477626B431A.d.36ED61FE00F592E73DD6F65EB3D5F260.e.334","ELEMENT":"f.F72ADC3AF72E0E216484D477626B431A.d.36ED61FE00F592E73DD6F65EB3D5F260.e.334"}]}
RESULT: {"script":"return (function isElementClickable(elem) {\n    if (!elem.getBoundingClientRect || !elem.scrollIntoView || !elem.contains || !elem.getClientRects || !document.elementFromPoint) {\n        return false; ... (5343 more bytes)","args":[{"element-6066-11e4-a52e-4f735466cecf":"f.F72ADC3AF72E0E216484D477626B431A.d.36ED61FE00F592E73DD6F65EB3D5F260.e.334","ELEMENT":"f.F72ADC3AF72E0E216484D477626B431A.d.36ED61FE00F592E73DD6F65EB3D5F260.e.334"}]}
COMMAND: POST /session/6f673a1d5c9fbcf51f28cf3ae49a4f61/element/f.F72ADC3AF72E0E216484D477626B431A.d.36ED61FE00F592E73DD6F65EB3D5F260.e.334/click - {}
RESULT: {}
COMMAND: POST /session/6f673a1d5c9fbcf51f28cf3ae49a4f61/element - {"using":"xpath","value":"//form[@name='ComputeEngineForm']//button[@type='button'][normalize-space()='Add to Estimate']"}
RESULT: {"using":"xpath","value":"//form[@name='ComputeEngineForm']//button[@type='button'][normalize-space()='Add to Estimate']"}
COMMAND: POST /session/6f673a1d5c9fbcf51f28cf3ae49a4f61/execute/sync - {"script":"return (function isElementDisplayed(element) {\n    function nodeIsElement(node) {\n        if (!node) {\n            return false;\n        }\n        switch (node.nodeType) {\n            case Node.ELEMEN ... (8289 more bytes)","args":[{"element-6066-11e4-a52e-4f735466cecf":"f.F72ADC3AF72E0E216484D477626B431A.d.36ED61FE00F592E73DD6F65EB3D5F260.e.119","ELEMENT":"f.F72ADC3AF72E0E216484D477626B431A.d.36ED61FE00F592E73DD6F65EB3D5F260.e.119"}]}
RESULT: {"script":"return (function isElementDisplayed(element) {\n    function nodeIsElement(node) {\n        if (!node) {\n            return false;\n        }\n        switch (node.nodeType) {\n            case Node.ELEMEN ... (8289 more bytes)","args":[{"element-6066-11e4-a52e-4f735466cecf":"f.F72ADC3AF72E0E216484D477626B431A.d.36ED61FE00F592E73DD6F65EB3D5F260.e.119","ELEMENT":"f.F72ADC3AF72E0E216484D477626B431A.d.36ED61FE00F592E73DD6F65EB3D5F260.e.119"}]}
COMMAND: POST /session/6f673a1d5c9fbcf51f28cf3ae49a4f61/execute/sync - {"script":"return (function isElementClickable(elem) {\n    if (!elem.getBoundingClientRect || !elem.scrollIntoView || !elem.contains || !elem.getClientRects || !document.elementFromPoint) {\n        return false; ... (5343 more bytes)","args":[{"element-6066-11e4-a52e-4f735466cecf":"f.F72ADC3AF72E0E216484D477626B431A.d.36ED61FE00F592E73DD6F65EB3D5F260.e.119","ELEMENT":"f.F72ADC3AF72E0E216484D477626B431A.d.36ED61FE00F592E73DD6F65EB3D5F260.e.119"}]}
RESULT: {"script":"return (function isElementClickable(elem) {\n    if (!elem.getBoundingClientRect || !elem.scrollIntoView || !elem.contains || !elem.getClientRects || !document.elementFromPoint) {\n        return false; ... (5343 more bytes)","args":[{"element-6066-11e4-a52e-4f735466cecf":"f.F72ADC3AF72E0E216484D477626B431A.d.36ED61FE00F592E73DD6F65EB3D5F260.e.119","ELEMENT":"f.F72ADC3AF72E0E216484D477626B431A.d.36ED61FE00F592E73DD6F65EB3D5F260.e.119"}]}
COMMAND: POST /session/6f673a1d5c9fbcf51f28cf3ae49a4f61/element/f.F72ADC3AF72E0E216484D477626B431A.d.36ED61FE00F592E73DD6F65EB3D5F260.e.119/click - {}
RESULT: {}
COMMAND: POST /session/6f673a1d5c9fbcf51f28cf3ae49a4f61/element - {"using":"xpath","value":"//div[@class=\"cpc-cart-total\"]/h2//b[contains(text(), \"Total Estimated Cost\")]"}
RESULT: {"using":"xpath","value":"//div[@class=\"cpc-cart-total\"]/h2//b[contains(text(), \"Total Estimated Cost\")]"}
COMMAND: POST /session/6f673a1d5c9fbcf51f28cf3ae49a4f61/elements - {"using":"xpath","value":"//div[@class=\"cpc-cart-total\"]/h2//b[contains(text(), \"Total Estimated Cost\")]"}
RESULT: {"using":"xpath","value":"//div[@class=\"cpc-cart-total\"]/h2//b[contains(text(), \"Total Estimated Cost\")]"}
COMMAND: GET /session/6f673a1d5c9fbcf51f28cf3ae49a4f61/element/f.F72ADC3AF72E0E216484D477626B431A.d.36ED61FE00F592E73DD6F65EB3D5F260.e.389/text - {}
RESULT: {}
COMMAND: POST /session/6f673a1d5c9fbcf51f28cf3ae49a4f61/element - {"using":"xpath","value":"//button[@id='Email Estimate']"}
RESULT: {"using":"xpath","value":"//button[@id='Email Estimate']"}
COMMAND: POST /session/6f673a1d5c9fbcf51f28cf3ae49a4f61/execute/sync - {"script":"return (function isElementDisplayed(element) {\n    function nodeIsElement(node) {\n        if (!node) {\n            return false;\n        }\n        switch (node.nodeType) {\n            case Node.ELEMEN ... (8289 more bytes)","args":[{"element-6066-11e4-a52e-4f735466cecf":"f.F72ADC3AF72E0E216484D477626B431A.d.36ED61FE00F592E73DD6F65EB3D5F260.e.380","ELEMENT":"f.F72ADC3AF72E0E216484D477626B431A.d.36ED61FE00F592E73DD6F65EB3D5F260.e.380"}]}
RESULT: {"script":"return (function isElementDisplayed(element) {\n    function nodeIsElement(node) {\n        if (!node) {\n            return false;\n        }\n        switch (node.nodeType) {\n            case Node.ELEMEN ... (8289 more bytes)","args":[{"element-6066-11e4-a52e-4f735466cecf":"f.F72ADC3AF72E0E216484D477626B431A.d.36ED61FE00F592E73DD6F65EB3D5F260.e.380","ELEMENT":"f.F72ADC3AF72E0E216484D477626B431A.d.36ED61FE00F592E73DD6F65EB3D5F260.e.380"}]}
COMMAND: POST /session/6f673a1d5c9fbcf51f28cf3ae49a4f61/execute/sync - {"script":"return (function isElementClickable(elem) {\n    if (!elem.getBoundingClientRect || !elem.scrollIntoView || !elem.contains || !elem.getClientRects || !document.elementFromPoint) {\n        return false; ... (5343 more bytes)","args":[{"element-6066-11e4-a52e-4f735466cecf":"f.F72ADC3AF72E0E216484D477626B431A.d.36ED61FE00F592E73DD6F65EB3D5F260.e.380","ELEMENT":"f.F72ADC3AF72E0E216484D477626B431A.d.36ED61FE00F592E73DD6F65EB3D5F260.e.380"}]}
RESULT: {"script":"return (function isElementClickable(elem) {\n    if (!elem.getBoundingClientRect || !elem.scrollIntoView || !elem.contains || !elem.getClientRects || !document.elementFromPoint) {\n        return false; ... (5343 more bytes)","args":[{"element-6066-11e4-a52e-4f735466cecf":"f.F72ADC3AF72E0E216484D477626B431A.d.36ED61FE00F592E73DD6F65EB3D5F260.e.380","ELEMENT":"f.F72ADC3AF72E0E216484D477626B431A.d.36ED61FE00F592E73DD6F65EB3D5F260.e.380"}]}
COMMAND: POST /session/6f673a1d5c9fbcf51f28cf3ae49a4f61/element/f.F72ADC3AF72E0E216484D477626B431A.d.36ED61FE00F592E73DD6F65EB3D5F260.e.380/click - {}
RESULT: {}
COMMAND: GET /session/6f673a1d5c9fbcf51f28cf3ae49a4f61/window/handles - {}
RESULT: {}
COMMAND: POST /session/6f673a1d5c9fbcf51f28cf3ae49a4f61/execute/sync - {"script":"return (function newWindow(url, windowName, windowFeatures) {\n    window.open(url, windowName || '', windowFeatures || '');\n}).apply(null, arguments)","args":["https://dropmail.me/en/","",""]}
RESULT: {"script":"return (function newWindow(url, windowName, windowFeatures) {\n    window.open(url, windowName || '', windowFeatures || '');\n}).apply(null, arguments)","args":["https://dropmail.me/en/","",""]}
COMMAND: GET /session/6f673a1d5c9fbcf51f28cf3ae49a4f61/window/handles - {}
RESULT: {}
COMMAND: GET /session/6f673a1d5c9fbcf51f28cf3ae49a4f61/window/handles - {}
RESULT: {}
COMMAND: POST /session/6f673a1d5c9fbcf51f28cf3ae49a4f61/window - {"handle":"E862117A6DD028BAB7CEE58C7E429832"}
RESULT: {"handle":"E862117A6DD028BAB7CEE58C7E429832"}
COMMAND: POST /session/6f673a1d5c9fbcf51f28cf3ae49a4f61/element - {"using":"xpath","value":"//span[@title='Copy to clipboard']"}
RESULT: {"using":"xpath","value":"//span[@title='Copy to clipboard']"}
COMMAND: POST /session/6f673a1d5c9fbcf51f28cf3ae49a4f61/execute/sync - {"script":"return (function isElementDisplayed(element) {\n    function nodeIsElement(node) {\n        if (!node) {\n            return false;\n        }\n        switch (node.nodeType) {\n            case Node.ELEMEN ... (8289 more bytes)","args":[{"element-6066-11e4-a52e-4f735466cecf":"f.E862117A6DD028BAB7CEE58C7E429832.d.F3D8A39FC77CDC512F5E66013CC83598.e.56","ELEMENT":"f.E862117A6DD028BAB7CEE58C7E429832.d.F3D8A39FC77CDC512F5E66013CC83598.e.56"}]}
RESULT: {"script":"return (function isElementDisplayed(element) {\n    function nodeIsElement(node) {\n        if (!node) {\n            return false;\n        }\n        switch (node.nodeType) {\n            case Node.ELEMEN ... (8289 more bytes)","args":[{"element-6066-11e4-a52e-4f735466cecf":"f.E862117A6DD028BAB7CEE58C7E429832.d.F3D8A39FC77CDC512F5E66013CC83598.e.56","ELEMENT":"f.E862117A6DD028BAB7CEE58C7E429832.d.F3D8A39FC77CDC512F5E66013CC83598.e.56"}]}
COMMAND: POST /session/6f673a1d5c9fbcf51f28cf3ae49a4f61/execute/sync - {"script":"return (function isElementClickable(elem) {\n    if (!elem.getBoundingClientRect || !elem.scrollIntoView || !elem.contains || !elem.getClientRects || !document.elementFromPoint) {\n        return false; ... (5343 more bytes)","args":[{"element-6066-11e4-a52e-4f735466cecf":"f.E862117A6DD028BAB7CEE58C7E429832.d.F3D8A39FC77CDC512F5E66013CC83598.e.56","ELEMENT":"f.E862117A6DD028BAB7CEE58C7E429832.d.F3D8A39FC77CDC512F5E66013CC83598.e.56"}]}
RESULT: {"script":"return (function isElementClickable(elem) {\n    if (!elem.getBoundingClientRect || !elem.scrollIntoView || !elem.contains || !elem.getClientRects || !document.elementFromPoint) {\n        return false; ... (5343 more bytes)","args":[{"element-6066-11e4-a52e-4f735466cecf":"f.E862117A6DD028BAB7CEE58C7E429832.d.F3D8A39FC77CDC512F5E66013CC83598.e.56","ELEMENT":"f.E862117A6DD028BAB7CEE58C7E429832.d.F3D8A39FC77CDC512F5E66013CC83598.e.56"}]}
COMMAND: POST /session/6f673a1d5c9fbcf51f28cf3ae49a4f61/element/f.E862117A6DD028BAB7CEE58C7E429832.d.F3D8A39FC77CDC512F5E66013CC83598.e.56/click - {}
RESULT: {}
COMMAND: GET /session/6f673a1d5c9fbcf51f28cf3ae49a4f61/window/handles - {}
RESULT: {}
COMMAND: POST /session/6f673a1d5c9fbcf51f28cf3ae49a4f61/window - {"handle":"B55E2AA223D515A30FD68CF46BC8EF40"}
RESULT: {"handle":"B55E2AA223D515A30FD68CF46BC8EF40"}
COMMAND: GET /session/6f673a1d5c9fbcf51f28cf3ae49a4f61/url - {}
RESULT: {}
COMMAND: POST /session/6f673a1d5c9fbcf51f28cf3ae49a4f61/elements - {"using":"css selector","value":"iframe"}
RESULT: {"using":"css selector","value":"iframe"}
COMMAND: POST /session/6f673a1d5c9fbcf51f28cf3ae49a4f61/frame - {"id":{"element-6066-11e4-a52e-4f735466cecf":"f.B55E2AA223D515A30FD68CF46BC8EF40.d.A5ADDD1285805392D97A12EE8334348A.e.62"}}
RESULT: {"id":{"element-6066-11e4-a52e-4f735466cecf":"f.B55E2AA223D515A30FD68CF46BC8EF40.d.A5ADDD1285805392D97A12EE8334348A.e.62"}}
COMMAND: POST /session/6f673a1d5c9fbcf51f28cf3ae49a4f61/elements - {"using":"css selector","value":"iframe"}
RESULT: {"using":"css selector","value":"iframe"}
COMMAND: POST /session/6f673a1d5c9fbcf51f28cf3ae49a4f61/frame - {"id":{"element-6066-11e4-a52e-4f735466cecf":"f.C31C9CA7F544F17DB9A776BC0037D7C5.d.BF30A62BE3CD2C065615BADB29779931.e.3"}}
RESULT: {"id":{"element-6066-11e4-a52e-4f735466cecf":"f.C31C9CA7F544F17DB9A776BC0037D7C5.d.BF30A62BE3CD2C065615BADB29779931.e.3"}}
COMMAND: POST /session/6f673a1d5c9fbcf51f28cf3ae49a4f61/element - {"using":"xpath","value":"//input[@id='input_620']"}
RESULT: {"using":"xpath","value":"//input[@id='input_620']"}
COMMAND: POST /session/6f673a1d5c9fbcf51f28cf3ae49a4f61/execute/sync - {"script":"return (function isElementDisplayed(element) {\n    function nodeIsElement(node) {\n        if (!node) {\n            return false;\n        }\n        switch (node.nodeType) {\n            case Node.ELEMEN ... (8289 more bytes)","args":[{"element-6066-11e4-a52e-4f735466cecf":"f.F72ADC3AF72E0E216484D477626B431A.d.36ED61FE00F592E73DD6F65EB3D5F260.e.393","ELEMENT":"f.F72ADC3AF72E0E216484D477626B431A.d.36ED61FE00F592E73DD6F65EB3D5F260.e.393"}]}
RESULT: {"script":"return (function isElementDisplayed(element) {\n    function nodeIsElement(node) {\n        if (!node) {\n            return false;\n        }\n        switch (node.nodeType) {\n            case Node.ELEMEN ... (8289 more bytes)","args":[{"element-6066-11e4-a52e-4f735466cecf":"f.F72ADC3AF72E0E216484D477626B431A.d.36ED61FE00F592E73DD6F65EB3D5F260.e.393","ELEMENT":"f.F72ADC3AF72E0E216484D477626B431A.d.36ED61FE00F592E73DD6F65EB3D5F260.e.393"}]}
COMMAND: POST /session/6f673a1d5c9fbcf51f28cf3ae49a4f61/execute/sync - {"script":"return (function isElementClickable(elem) {\n    if (!elem.getBoundingClientRect || !elem.scrollIntoView || !elem.contains || !elem.getClientRects || !document.elementFromPoint) {\n        return false; ... (5343 more bytes)","args":[{"element-6066-11e4-a52e-4f735466cecf":"f.F72ADC3AF72E0E216484D477626B431A.d.36ED61FE00F592E73DD6F65EB3D5F260.e.393","ELEMENT":"f.F72ADC3AF72E0E216484D477626B431A.d.36ED61FE00F592E73DD6F65EB3D5F260.e.393"}]}
RESULT: {"script":"return (function isElementClickable(elem) {\n    if (!elem.getBoundingClientRect || !elem.scrollIntoView || !elem.contains || !elem.getClientRects || !document.elementFromPoint) {\n        return false; ... (5343 more bytes)","args":[{"element-6066-11e4-a52e-4f735466cecf":"f.F72ADC3AF72E0E216484D477626B431A.d.36ED61FE00F592E73DD6F65EB3D5F260.e.393","ELEMENT":"f.F72ADC3AF72E0E216484D477626B431A.d.36ED61FE00F592E73DD6F65EB3D5F260.e.393"}]}
COMMAND: POST /session/6f673a1d5c9fbcf51f28cf3ae49a4f61/element/f.F72ADC3AF72E0E216484D477626B431A.d.36ED61FE00F592E73DD6F65EB3D5F260.e.393/click - {}
RESULT: {}
COMMAND: POST /session/6f673a1d5c9fbcf51f28cf3ae49a4f61/actions - {"actions":[{"id":"action2","type":"key","parameters":{},"actions":[{"type":"keyDown","value":""},{"type":"keyDown","value":"v"},{"type":"keyDown","value":""},{"type":"pause","duration":10},{"type":"keyUp","value":""},{"type":"keyUp","value":"v"},{"type":"keyUp","value":""}]}]}
RESULT: {"actions":[{"id":"action2","type":"key","parameters":{},"actions":[{"type":"keyDown","value":""},{"type":"keyDown","value":"v"},{"type":"keyDown","value":""},{"type":"pause","duration":10},{"type":"keyUp","value":""},{"type":"keyUp","value":"v"},{"type":"keyUp","value":""}]}]}
COMMAND: POST /session/6f673a1d5c9fbcf51f28cf3ae49a4f61/element - {"using":"xpath","value":"//button[normalize-space()='Send Email']"}
RESULT: {"using":"xpath","value":"//button[normalize-space()='Send Email']"}
COMMAND: POST /session/6f673a1d5c9fbcf51f28cf3ae49a4f61/execute/sync - {"script":"return (function isElementDisplayed(element) {\n    function nodeIsElement(node) {\n        if (!node) {\n            return false;\n        }\n        switch (node.nodeType) {\n            case Node.ELEMEN ... (8289 more bytes)","args":[{"element-6066-11e4-a52e-4f735466cecf":"f.F72ADC3AF72E0E216484D477626B431A.d.36ED61FE00F592E73DD6F65EB3D5F260.e.402","ELEMENT":"f.F72ADC3AF72E0E216484D477626B431A.d.36ED61FE00F592E73DD6F65EB3D5F260.e.402"}]}
RESULT: {"script":"return (function isElementDisplayed(element) {\n    function nodeIsElement(node) {\n        if (!node) {\n            return false;\n        }\n        switch (node.nodeType) {\n            case Node.ELEMEN ... (8289 more bytes)","args":[{"element-6066-11e4-a52e-4f735466cecf":"f.F72ADC3AF72E0E216484D477626B431A.d.36ED61FE00F592E73DD6F65EB3D5F260.e.402","ELEMENT":"f.F72ADC3AF72E0E216484D477626B431A.d.36ED61FE00F592E73DD6F65EB3D5F260.e.402"}]}
COMMAND: POST /session/6f673a1d5c9fbcf51f28cf3ae49a4f61/execute/sync - {"script":"return (function isElementClickable(elem) {\n    if (!elem.getBoundingClientRect || !elem.scrollIntoView || !elem.contains || !elem.getClientRects || !document.elementFromPoint) {\n        return false; ... (5343 more bytes)","args":[{"element-6066-11e4-a52e-4f735466cecf":"f.F72ADC3AF72E0E216484D477626B431A.d.36ED61FE00F592E73DD6F65EB3D5F260.e.402","ELEMENT":"f.F72ADC3AF72E0E216484D477626B431A.d.36ED61FE00F592E73DD6F65EB3D5F260.e.402"}]}
RESULT: {"script":"return (function isElementClickable(elem) {\n    if (!elem.getBoundingClientRect || !elem.scrollIntoView || !elem.contains || !elem.getClientRects || !document.elementFromPoint) {\n        return false; ... (5343 more bytes)","args":[{"element-6066-11e4-a52e-4f735466cecf":"f.F72ADC3AF72E0E216484D477626B431A.d.36ED61FE00F592E73DD6F65EB3D5F260.e.402","ELEMENT":"f.F72ADC3AF72E0E216484D477626B431A.d.36ED61FE00F592E73DD6F65EB3D5F260.e.402"}]}
COMMAND: POST /session/6f673a1d5c9fbcf51f28cf3ae49a4f61/element/f.F72ADC3AF72E0E216484D477626B431A.d.36ED61FE00F592E73DD6F65EB3D5F260.e.402/click - {}
RESULT: {}
COMMAND: GET /session/6f673a1d5c9fbcf51f28cf3ae49a4f61/window/handles - {}
RESULT: {}
COMMAND: POST /session/6f673a1d5c9fbcf51f28cf3ae49a4f61/window - {"handle":"B55E2AA223D515A30FD68CF46BC8EF40"}
RESULT: {"handle":"B55E2AA223D515A30FD68CF46BC8EF40"}
COMMAND: GET /session/6f673a1d5c9fbcf51f28cf3ae49a4f61/url - {}
RESULT: {}
COMMAND: GET /session/6f673a1d5c9fbcf51f28cf3ae49a4f61/title - {}
RESULT: {}
COMMAND: POST /session/6f673a1d5c9fbcf51f28cf3ae49a4f61/execute/sync - {"script":"return (() => window.name).apply(null, arguments)","args":[]}
RESULT: {"script":"return (() => window.name).apply(null, arguments)","args":[]}
COMMAND: POST /session/6f673a1d5c9fbcf51f28cf3ae49a4f61/window - {"handle":"E862117A6DD028BAB7CEE58C7E429832"}
RESULT: {"handle":"E862117A6DD028BAB7CEE58C7E429832"}
COMMAND: GET /session/6f673a1d5c9fbcf51f28cf3ae49a4f61/url - {}
RESULT: {}
COMMAND: POST /session/6f673a1d5c9fbcf51f28cf3ae49a4f61/element - {"using":"xpath","value":"//a[normalize-space()='HTML-design']"}
RESULT: {"using":"xpath","value":"//a[normalize-space()='HTML-design']"}
COMMAND: POST /session/6f673a1d5c9fbcf51f28cf3ae49a4f61/element - {"using":"xpath","value":"//a[normalize-space()='HTML-design']"}
RESULT: {"using":"xpath","value":"//a[normalize-space()='HTML-design']"}
COMMAND: POST /session/6f673a1d5c9fbcf51f28cf3ae49a4f61/element - {"using":"xpath","value":"//a[normalize-space()='HTML-design']"}
RESULT: {"using":"xpath","value":"//a[normalize-space()='HTML-design']"}
COMMAND: POST /session/6f673a1d5c9fbcf51f28cf3ae49a4f61/element - {"using":"xpath","value":"//a[normalize-space()='HTML-design']"}
RESULT: {"using":"xpath","value":"//a[normalize-space()='HTML-design']"}
COMMAND: POST /session/6f673a1d5c9fbcf51f28cf3ae49a4f61/element - {"using":"xpath","value":"//a[normalize-space()='HTML-design']"}
RESULT: {"using":"xpath","value":"//a[normalize-space()='HTML-design']"}
COMMAND: POST /session/6f673a1d5c9fbcf51f28cf3ae49a4f61/execute/sync - {"script":"return (function isElementDisplayed(element) {\n    function nodeIsElement(node) {\n        if (!node) {\n            return false;\n        }\n        switch (node.nodeType) {\n            case Node.ELEMEN ... (8289 more bytes)","args":[{"element-6066-11e4-a52e-4f735466cecf":"f.E862117A6DD028BAB7CEE58C7E429832.d.F3D8A39FC77CDC512F5E66013CC83598.e.69","ELEMENT":"f.E862117A6DD028BAB7CEE58C7E429832.d.F3D8A39FC77CDC512F5E66013CC83598.e.69"}]}
RESULT: {"script":"return (function isElementDisplayed(element) {\n    function nodeIsElement(node) {\n        if (!node) {\n            return false;\n        }\n        switch (node.nodeType) {\n            case Node.ELEMEN ... (8289 more bytes)","args":[{"element-6066-11e4-a52e-4f735466cecf":"f.E862117A6DD028BAB7CEE58C7E429832.d.F3D8A39FC77CDC512F5E66013CC83598.e.69","ELEMENT":"f.E862117A6DD028BAB7CEE58C7E429832.d.F3D8A39FC77CDC512F5E66013CC83598.e.69"}]}
COMMAND: POST /session/6f673a1d5c9fbcf51f28cf3ae49a4f61/execute/sync - {"script":"return (function isElementClickable(elem) {\n    if (!elem.getBoundingClientRect || !elem.scrollIntoView || !elem.contains || !elem.getClientRects || !document.elementFromPoint) {\n        return false; ... (5343 more bytes)","args":[{"element-6066-11e4-a52e-4f735466cecf":"f.E862117A6DD028BAB7CEE58C7E429832.d.F3D8A39FC77CDC512F5E66013CC83598.e.69","ELEMENT":"f.E862117A6DD028BAB7CEE58C7E429832.d.F3D8A39FC77CDC512F5E66013CC83598.e.69"}]}
RESULT: {"script":"return (function isElementClickable(elem) {\n    if (!elem.getBoundingClientRect || !elem.scrollIntoView || !elem.contains || !elem.getClientRects || !document.elementFromPoint) {\n        return false; ... (5343 more bytes)","args":[{"element-6066-11e4-a52e-4f735466cecf":"f.E862117A6DD028BAB7CEE58C7E429832.d.F3D8A39FC77CDC512F5E66013CC83598.e.69","ELEMENT":"f.E862117A6DD028BAB7CEE58C7E429832.d.F3D8A39FC77CDC512F5E66013CC83598.e.69"}]}
COMMAND: POST /session/6f673a1d5c9fbcf51f28cf3ae49a4f61/element/f.E862117A6DD028BAB7CEE58C7E429832.d.F3D8A39FC77CDC512F5E66013CC83598.e.69/click - {}
RESULT: {}
COMMAND: POST /session/6f673a1d5c9fbcf51f28cf3ae49a4f61/element - {"using":"xpath","value":"//iframe[@class=\"mail-clean-html\"]"}
RESULT: {"using":"xpath","value":"//iframe[@class=\"mail-clean-html\"]"}
COMMAND: POST /session/6f673a1d5c9fbcf51f28cf3ae49a4f61/elements - {"using":"xpath","value":"//iframe[@class=\"mail-clean-html\"]"}
RESULT: {"using":"xpath","value":"//iframe[@class=\"mail-clean-html\"]"}
COMMAND: POST /session/6f673a1d5c9fbcf51f28cf3ae49a4f61/frame - {"id":{"sessionId":"6f673a1d5c9fbcf51f28cf3ae49a4f61","elementId":"f.E862117A6DD028BAB7CEE58C7E429832.d.F3D8A39FC77CDC512F5E66013CC83598.e.75","element-6066-11e4-a52e-4f735466cecf":"f.E862117A6DD028BAB7CEE58C7E429832.d.F3D8A39FC77CDC512F5E66013CC83598.e.75","selector":"//iframe[@class=\"mail-clean-html\"]","parent":{"capabilities":{"acceptInsecureCerts":false,"browserName":"chrome","browserVersion":"123.0.6312.107","chrome":{"chromedriverVersion":"123.0.6312.122 (31f8248cdd90acbac59f700b603fed0b5967ca50-refs/branch-heads/6312@{#824})","userDataDir":"C:\\Users\\vaheo\\AppData\\Local\\Temp\\scoped_dir3420_1405792231"},"fedcm:accounts":true,"goog:chromeOptions":{"debuggerAddress":"localhost:51096"},"networkConnectionEnabled":false,"pageLoadStrategy":"normal","platformName":"windows","proxy":{},"_":"10 more keys: [\"setWindowRect\",\"strictFileInteractability\",\"timeouts\",\"unhandledPromptBehavior\",\"webauthn:extension:credBlob\",\"webauthn:extension:largeBlob\",\"webauthn:extension:minPinLength\",\"webauthn:extension:prf\",\"webauthn:virtualAuthenticators\",\"wdio:driverPID\"]"}},"isReactElement":false,"isShadowElement":false}}
RESULT: {"id":{"sessionId":"6f673a1d5c9fbcf51f28cf3ae49a4f61","elementId":"f.E862117A6DD028BAB7CEE58C7E429832.d.F3D8A39FC77CDC512F5E66013CC83598.e.75","element-6066-11e4-a52e-4f735466cecf":"f.E862117A6DD028BAB7CEE58C7E429832.d.F3D8A39FC77CDC512F5E66013CC83598.e.75","selector":"//iframe[@class=\"mail-clean-html\"]","parent":{"capabilities":{"acceptInsecureCerts":false,"browserName":"chrome","browserVersion":"123.0.6312.107","chrome":{"chromedriverVersion":"123.0.6312.122 (31f8248cdd90acbac59f700b603fed0b5967ca50-refs/branch-heads/6312@{#824})","userDataDir":"C:\\Users\\vaheo\\AppData\\Local\\Temp\\scoped_dir3420_1405792231"},"fedcm:accounts":true,"goog:chromeOptions":{"debuggerAddress":"localhost:51096"},"networkConnectionEnabled":false,"pageLoadStrategy":"normal","platformName":"windows","proxy":{},"_":"10 more keys: [\"setWindowRect\",\"strictFileInteractability\",\"timeouts\",\"unhandledPromptBehavior\",\"webauthn:extension:credBlob\",\"webauthn:extension:largeBlob\",\"webauthn:extension:minPinLength\",\"webauthn:extension:prf\",\"webauthn:virtualAuthenticators\",\"wdio:driverPID\"]"}},"isReactElement":false,"isShadowElement":false}}
COMMAND: POST /session/6f673a1d5c9fbcf51f28cf3ae49a4f61/element - {"using":"css selector","value":"tr[class='odd'] td:nth-child(4)"}
RESULT: {"using":"css selector","value":"tr[class='odd'] td:nth-child(4)"}
COMMAND: POST /session/6f673a1d5c9fbcf51f28cf3ae49a4f61/elements - {"using":"css selector","value":"tr[class='odd'] td:nth-child(4)"}
COMMAND: GET /session/6f673a1d5c9fbcf51f28cf3ae49a4f61/element/f.87FCE4630A40092E0869FD65AD1C13D9.d.F853B9050E1C3BB8A1C0BB7CD65A561F.e.84/text - {}
RESULT: {}
COMMAND: DELETE /session/6f673a1d5c9fbcf51f28cf3ae49a4f61 - {}
RESULT: {"using":"css selector","value":"tr[class='odd'] td:nth-child(4)"}
RESULT: {}
]]></system-out>
    </testcase>
  </testsuite>
</testsuites>